<?xml version="1.0" encoding="UTF-8"?>
<testsuite name="com.hostar.education.springboot.web.IndexControllerTest" tests="1" skipped="0" failures="0" errors="0" timestamp="2021-04-22T12:16:41" hostname="chahyeonhoui-MacBookPro.local" time="0.17">
  <properties/>
  <testcase name="메인페이지_로딩" classname="com.hostar.education.springboot.web.IndexControllerTest" time="0.17"/>
  <system-out><![CDATA[2021-04-22 21:16:41.913  INFO 3686 --- [    Test worker] .b.t.c.SpringBootTestContextBootstrapper : Neither @ContextConfiguration nor @ContextHierarchy found for test class [com.hostar.education.springboot.web.IndexControllerTest], using SpringBootContextLoader
2021-04-22 21:16:41.915  INFO 3686 --- [    Test worker] o.s.t.c.support.AbstractContextLoader    : Could not detect default resource locations for test class [com.hostar.education.springboot.web.IndexControllerTest]: no resource found for suffixes {-context.xml, Context.groovy}.
2021-04-22 21:16:41.915  INFO 3686 --- [    Test worker] t.c.s.AnnotationConfigContextLoaderUtils : Could not detect default configuration classes for test class [com.hostar.education.springboot.web.IndexControllerTest]: IndexControllerTest does not declare any static, non-private, non-final, nested classes annotated with @Configuration.
2021-04-22 21:16:41.919  INFO 3686 --- [    Test worker] .b.t.c.SpringBootTestContextBootstrapper : Found @SpringBootConfiguration com.hostar.education.springboot.Application for test class com.hostar.education.springboot.web.IndexControllerTest
2021-04-22 21:16:41.923  INFO 3686 --- [    Test worker] .b.t.c.SpringBootTestContextBootstrapper : Loaded default TestExecutionListener class names from location [META-INF/spring.factories]: [org.springframework.security.test.context.support.WithSecurityContextTestExecutionListener, org.springframework.security.test.context.support.ReactorContextTestExecutionListener, org.springframework.boot.test.autoconfigure.restdocs.RestDocsTestExecutionListener, org.springframework.boot.test.autoconfigure.web.client.MockRestServiceServerResetTestExecutionListener, org.springframework.boot.test.autoconfigure.web.servlet.MockMvcPrintOnlyOnFailureTestExecutionListener, org.springframework.boot.test.autoconfigure.web.servlet.WebDriverTestExecutionListener, org.springframework.boot.test.mock.mockito.MockitoTestExecutionListener, org.springframework.boot.test.mock.mockito.ResetMocksTestExecutionListener, org.springframework.test.context.web.ServletTestExecutionListener, org.springframework.test.context.support.DirtiesContextBeforeModesTestExecutionListener, org.springframework.test.context.support.DependencyInjectionTestExecutionListener, org.springframework.test.context.support.DirtiesContextTestExecutionListener, org.springframework.test.context.transaction.TransactionalTestExecutionListener, org.springframework.test.context.jdbc.SqlScriptsTestExecutionListener]
2021-04-22 21:16:41.923  INFO 3686 --- [    Test worker] .b.t.c.SpringBootTestContextBootstrapper : Using TestExecutionListeners: [org.springframework.test.context.web.ServletTestExecutionListener@4efb426f, org.springframework.test.context.support.DirtiesContextBeforeModesTestExecutionListener@60d91658, org.springframework.boot.test.mock.mockito.MockitoTestExecutionListener@21ff551f, org.springframework.boot.test.autoconfigure.SpringBootDependencyInjectionTestExecutionListener@6c341e99, org.springframework.test.context.support.DirtiesContextTestExecutionListener@7848d14a, org.springframework.test.context.transaction.TransactionalTestExecutionListener@500b63cd, org.springframework.test.context.jdbc.SqlScriptsTestExecutionListener@b87937e, org.springframework.security.test.context.support.WithSecurityContextTestExecutionListener@470b9441, org.springframework.security.test.context.support.ReactorContextTestExecutionListener@79f7cf6b, org.springframework.boot.test.autoconfigure.restdocs.RestDocsTestExecutionListener@72e9ce93, org.springframework.boot.test.autoconfigure.web.client.MockRestServiceServerResetTestExecutionListener@4542afd3, org.springframework.boot.test.autoconfigure.web.servlet.MockMvcPrintOnlyOnFailureTestExecutionListener@5e7092a6, org.springframework.boot.test.autoconfigure.web.servlet.WebDriverTestExecutionListener@19bb9294, org.springframework.boot.test.mock.mockito.ResetMocksTestExecutionListener@259a4a66]
Hibernate: select posts0_.id as id1_0_, posts0_.created_date as created_2_0_, posts0_.modified_date as modified3_0_, posts0_.author as author4_0_, posts0_.content as content5_0_, posts0_.title as title6_0_ from posts posts0_ order by posts0_.id DESC
]]></system-out>
  <system-err><![CDATA[]]></system-err>
</testsuite>
