<?xml version="1.0" encoding="UTF-8"?>
<testsuite name="com.hostar.education.springboot.web.ProfileControllerTest" tests="1" skipped="0" failures="0" errors="0" timestamp="2021-04-22T12:16:39" hostname="chahyeonhoui-MacBookPro.local" time="0.354">
  <properties/>
  <testcase name="profile은_인증없이_호출된다" classname="com.hostar.education.springboot.web.ProfileControllerTest" time="0.354"/>
  <system-out><![CDATA[21:16:29.701 [Test worker] DEBUG org.springframework.test.context.junit4.SpringJUnit4ClassRunner - SpringJUnit4ClassRunner constructor called with [class com.hostar.education.springboot.web.ProfileControllerTest]
21:16:29.705 [Test worker] DEBUG org.springframework.test.context.BootstrapUtils - Instantiating CacheAwareContextLoaderDelegate from class [org.springframework.test.context.cache.DefaultCacheAwareContextLoaderDelegate]
21:16:29.710 [Test worker] DEBUG org.springframework.test.context.BootstrapUtils - Instantiating BootstrapContext using constructor [public org.springframework.test.context.support.DefaultBootstrapContext(java.lang.Class,org.springframework.test.context.CacheAwareContextLoaderDelegate)]
21:16:29.733 [Test worker] DEBUG org.springframework.test.context.BootstrapUtils - Instantiating TestContextBootstrapper for test class [com.hostar.education.springboot.web.ProfileControllerTest] from class [org.springframework.boot.test.context.SpringBootTestContextBootstrapper]
21:16:29.740 [Test worker] INFO org.springframework.boot.test.context.SpringBootTestContextBootstrapper - Neither @ContextConfiguration nor @ContextHierarchy found for test class [com.hostar.education.springboot.web.ProfileControllerTest], using SpringBootContextLoader
21:16:29.742 [Test worker] DEBUG org.springframework.test.context.support.AbstractContextLoader - Did not detect default resource location for test class [com.hostar.education.springboot.web.ProfileControllerTest]: class path resource [com/hostar/education/springboot/web/ProfileControllerTest-context.xml] does not exist
21:16:29.743 [Test worker] DEBUG org.springframework.test.context.support.AbstractContextLoader - Did not detect default resource location for test class [com.hostar.education.springboot.web.ProfileControllerTest]: class path resource [com/hostar/education/springboot/web/ProfileControllerTestContext.groovy] does not exist
21:16:29.743 [Test worker] INFO org.springframework.test.context.support.AbstractContextLoader - Could not detect default resource locations for test class [com.hostar.education.springboot.web.ProfileControllerTest]: no resource found for suffixes {-context.xml, Context.groovy}.
21:16:29.743 [Test worker] INFO org.springframework.test.context.support.AnnotationConfigContextLoaderUtils - Could not detect default configuration classes for test class [com.hostar.education.springboot.web.ProfileControllerTest]: ProfileControllerTest does not declare any static, non-private, non-final, nested classes annotated with @Configuration.
21:16:29.798 [Test worker] DEBUG org.springframework.test.context.support.ActiveProfilesUtils - Could not find an 'annotation declaring class' for annotation type [org.springframework.test.context.ActiveProfiles] and class [com.hostar.education.springboot.web.ProfileControllerTest]
21:16:29.989 [Test worker] DEBUG org.springframework.context.annotation.ClassPathScanningCandidateComponentProvider - Identified candidate component class: file [/Users/chahyeonho/IdeaProjects/springboot-hostar-aws2/build/classes/java/main/com/hostar/education/springboot/Application.class]
21:16:29.998 [Test worker] INFO org.springframework.boot.test.context.SpringBootTestContextBootstrapper - Found @SpringBootConfiguration com.hostar.education.springboot.Application for test class com.hostar.education.springboot.web.ProfileControllerTest
21:16:30.092 [Test worker] DEBUG org.springframework.boot.test.context.SpringBootTestContextBootstrapper - @TestExecutionListeners is not present for class [com.hostar.education.springboot.web.ProfileControllerTest]: using defaults.
21:16:30.093 [Test worker] INFO org.springframework.boot.test.context.SpringBootTestContextBootstrapper - Loaded default TestExecutionListener class names from location [META-INF/spring.factories]: [org.springframework.security.test.context.support.WithSecurityContextTestExecutionListener, org.springframework.security.test.context.support.ReactorContextTestExecutionListener, org.springframework.boot.test.autoconfigure.restdocs.RestDocsTestExecutionListener, org.springframework.boot.test.autoconfigure.web.client.MockRestServiceServerResetTestExecutionListener, org.springframework.boot.test.autoconfigure.web.servlet.MockMvcPrintOnlyOnFailureTestExecutionListener, org.springframework.boot.test.autoconfigure.web.servlet.WebDriverTestExecutionListener, org.springframework.boot.test.mock.mockito.MockitoTestExecutionListener, org.springframework.boot.test.mock.mockito.ResetMocksTestExecutionListener, org.springframework.test.context.web.ServletTestExecutionListener, org.springframework.test.context.support.DirtiesContextBeforeModesTestExecutionListener, org.springframework.test.context.support.DependencyInjectionTestExecutionListener, org.springframework.test.context.support.DirtiesContextTestExecutionListener, org.springframework.test.context.transaction.TransactionalTestExecutionListener, org.springframework.test.context.jdbc.SqlScriptsTestExecutionListener]
21:16:30.109 [Test worker] INFO org.springframework.boot.test.context.SpringBootTestContextBootstrapper - Using TestExecutionListeners: [org.springframework.test.context.web.ServletTestExecutionListener@21a72316, org.springframework.test.context.support.DirtiesContextBeforeModesTestExecutionListener@75bc1e44, org.springframework.boot.test.mock.mockito.MockitoTestExecutionListener@25d411ad, org.springframework.boot.test.autoconfigure.SpringBootDependencyInjectionTestExecutionListener@29d7d139, org.springframework.test.context.support.DirtiesContextTestExecutionListener@3170f886, org.springframework.test.context.transaction.TransactionalTestExecutionListener@242b8ed2, org.springframework.test.context.jdbc.SqlScriptsTestExecutionListener@2177aa83, org.springframework.security.test.context.support.WithSecurityContextTestExecutionListener@36bee98d, org.springframework.security.test.context.support.ReactorContextTestExecutionListener@bc8314, org.springframework.boot.test.autoconfigure.restdocs.RestDocsTestExecutionListener@7899c0cf, org.springframework.boot.test.autoconfigure.web.client.MockRestServiceServerResetTestExecutionListener@64265eed, org.springframework.boot.test.autoconfigure.web.servlet.MockMvcPrintOnlyOnFailureTestExecutionListener@25953165, org.springframework.boot.test.autoconfigure.web.servlet.WebDriverTestExecutionListener@41d5a2e0, org.springframework.boot.test.mock.mockito.ResetMocksTestExecutionListener@77fc8dad]
21:16:30.110 [Test worker] DEBUG org.springframework.test.annotation.ProfileValueUtils - Retrieved @ProfileValueSourceConfiguration [null] for test class [com.hostar.education.springboot.web.ProfileControllerTest]
21:16:30.111 [Test worker] DEBUG org.springframework.test.annotation.ProfileValueUtils - Retrieved ProfileValueSource type [class org.springframework.test.annotation.SystemProfileValueSource] for class [com.hostar.education.springboot.web.ProfileControllerTest]
21:16:30.111 [Test worker] DEBUG org.springframework.test.annotation.ProfileValueUtils - Retrieved @ProfileValueSourceConfiguration [null] for test class [com.hostar.education.springboot.web.ProfileControllerTest]
21:16:30.112 [Test worker] DEBUG org.springframework.test.annotation.ProfileValueUtils - Retrieved ProfileValueSource type [class org.springframework.test.annotation.SystemProfileValueSource] for class [com.hostar.education.springboot.web.ProfileControllerTest]
21:16:30.115 [Test worker] DEBUG org.springframework.test.context.support.AbstractDirtiesContextTestExecutionListener - Before test class: context [DefaultTestContext@1fddb369 testClass = ProfileControllerTest, testInstance = [null], testMethod = [null], testException = [null], mergedContextConfiguration = [WebMergedContextConfiguration@1f06b0f3 testClass = ProfileControllerTest, locations = '{}', classes = '{class com.hostar.education.springboot.Application}', contextInitializerClasses = '[]', activeProfiles = '{}', propertySourceLocations = '{}', propertySourceProperties = '{org.springframework.boot.test.context.SpringBootTestContextBootstrapper=true, server.port=0}', contextCustomizers = set[org.springframework.boot.test.autoconfigure.properties.PropertyMappingContextCustomizer@0, org.springframework.boot.test.autoconfigure.web.servlet.WebDriverContextCustomizerFactory$Customizer@39db91f1, org.springframework.boot.test.context.filter.ExcludeFilterContextCustomizer@73080bb0, org.springframework.boot.test.json.DuplicateJsonObjectContextCustomizerFactory$DuplicateJsonObjectContextCustomizer@18804abc, org.springframework.boot.test.mock.mockito.MockitoContextCustomizer@0, org.springframework.boot.test.web.client.TestRestTemplateContextCustomizer@5b0e0159], resourceBasePath = 'src/main/webapp', contextLoader = 'org.springframework.boot.test.context.SpringBootContextLoader', parent = [null]], attributes = map['org.springframework.test.context.web.ServletTestExecutionListener.activateListener' -> false]], class annotated with @DirtiesContext [false] with mode [null].
21:16:30.115 [Test worker] DEBUG org.springframework.test.annotation.ProfileValueUtils - Retrieved @ProfileValueSourceConfiguration [null] for test class [com.hostar.education.springboot.web.ProfileControllerTest]
21:16:30.115 [Test worker] DEBUG org.springframework.test.annotation.ProfileValueUtils - Retrieved ProfileValueSource type [class org.springframework.test.annotation.SystemProfileValueSource] for class [com.hostar.education.springboot.web.ProfileControllerTest]
21:16:30.121 [Test worker] DEBUG org.springframework.test.context.support.DependencyInjectionTestExecutionListener - Performing dependency injection for test context [[DefaultTestContext@1fddb369 testClass = ProfileControllerTest, testInstance = com.hostar.education.springboot.web.ProfileControllerTest@273ab84b, testMethod = [null], testException = [null], mergedContextConfiguration = [WebMergedContextConfiguration@1f06b0f3 testClass = ProfileControllerTest, locations = '{}', classes = '{class com.hostar.education.springboot.Application}', contextInitializerClasses = '[]', activeProfiles = '{}', propertySourceLocations = '{}', propertySourceProperties = '{org.springframework.boot.test.context.SpringBootTestContextBootstrapper=true, server.port=0}', contextCustomizers = set[org.springframework.boot.test.autoconfigure.properties.PropertyMappingContextCustomizer@0, org.springframework.boot.test.autoconfigure.web.servlet.WebDriverContextCustomizerFactory$Customizer@39db91f1, org.springframework.boot.test.context.filter.ExcludeFilterContextCustomizer@73080bb0, org.springframework.boot.test.json.DuplicateJsonObjectContextCustomizerFactory$DuplicateJsonObjectContextCustomizer@18804abc, org.springframework.boot.test.mock.mockito.MockitoContextCustomizer@0, org.springframework.boot.test.web.client.TestRestTemplateContextCustomizer@5b0e0159], resourceBasePath = 'src/main/webapp', contextLoader = 'org.springframework.boot.test.context.SpringBootContextLoader', parent = [null]], attributes = map['org.springframework.test.context.web.ServletTestExecutionListener.activateListener' -> false]]].
21:16:30.144 [Test worker] DEBUG org.springframework.test.context.support.TestPropertySourceUtils - Adding inlined properties to environment: {spring.jmx.enabled=false, org.springframework.boot.test.context.SpringBootTestContextBootstrapper=true, server.port=0}

  .   ____          _            __ _ _
 /\\ / ___'_ __ _ _(_)_ __  __ _ \ \ \ \
( ( )\___ | '_ | '_| | '_ \/ _` | \ \ \ \
 \\/  ___)| |_)| | | | | || (_| |  ) ) ) )
  '  |____| .__|_| |_|_| |_\__, | / / / /
 =========|_|==============|___/=/_/_/_/
 :: Spring Boot ::        (v2.1.9.RELEASE)

2021-04-22 21:16:30.660  INFO 3686 --- [    Test worker] c.h.e.s.web.ProfileControllerTest        : Starting ProfileControllerTest on chahyeonhoui-MacBookPro.local with PID 3686 (started by chahyeonho in /Users/chahyeonho/IdeaProjects/springboot-hostar-aws2)
2021-04-22 21:16:30.664  INFO 3686 --- [    Test worker] c.h.e.s.web.ProfileControllerTest        : No active profile set, falling back to default profiles: default
2021-04-22 21:16:31.989  INFO 3686 --- [    Test worker] .s.d.r.c.RepositoryConfigurationDelegate : Bootstrapping Spring Data repositories in DEFAULT mode.
2021-04-22 21:16:32.089  INFO 3686 --- [    Test worker] .s.d.r.c.RepositoryConfigurationDelegate : Finished Spring Data repository scanning in 91ms. Found 2 repository interfaces.
2021-04-22 21:16:33.029  INFO 3686 --- [    Test worker] trationDelegate$BeanPostProcessorChecker : Bean 'org.springframework.transaction.annotation.ProxyTransactionManagementConfiguration' of type [org.springframework.transaction.annotation.ProxyTransactionManagementConfiguration$$EnhancerBySpringCGLIB$$e28b8825] is not eligible for getting processed by all BeanPostProcessors (for example: not eligible for auto-proxying)
2021-04-22 21:16:33.712  INFO 3686 --- [    Test worker] o.s.b.w.embedded.tomcat.TomcatWebServer  : Tomcat initialized with port(s): 0 (http)
2021-04-22 21:16:33.750  INFO 3686 --- [    Test worker] o.apache.catalina.core.StandardService   : Starting service [Tomcat]
2021-04-22 21:16:33.751  INFO 3686 --- [    Test worker] org.apache.catalina.core.StandardEngine  : Starting Servlet engine: [Apache Tomcat/9.0.26]
2021-04-22 21:16:33.929  INFO 3686 --- [    Test worker] o.a.c.c.C.[Tomcat].[localhost].[/]       : Initializing Spring embedded WebApplicationContext
2021-04-22 21:16:33.930  INFO 3686 --- [    Test worker] o.s.web.context.ContextLoader            : Root WebApplicationContext: initialization completed in 3231 ms
2021-04-22 21:16:34.341  INFO 3686 --- [    Test worker] com.zaxxer.hikari.HikariDataSource       : HikariPool-1 - Starting...
2021-04-22 21:16:34.513  INFO 3686 --- [    Test worker] com.zaxxer.hikari.HikariDataSource       : HikariPool-1 - Start completed.
2021-04-22 21:16:34.776  INFO 3686 --- [    Test worker] o.hibernate.jpa.internal.util.LogHelper  : HHH000204: Processing PersistenceUnitInfo [
	name: default
	...]
2021-04-22 21:16:34.833  INFO 3686 --- [    Test worker] org.hibernate.Version                    : HHH000412: Hibernate Core {5.3.12.Final}
2021-04-22 21:16:34.836  INFO 3686 --- [    Test worker] org.hibernate.cfg.Environment            : HHH000206: hibernate.properties not found
2021-04-22 21:16:34.965  INFO 3686 --- [    Test worker] o.hibernate.annotations.common.Version   : HCANN000001: Hibernate Commons Annotations {5.0.4.Final}
2021-04-22 21:16:35.112  INFO 3686 --- [    Test worker] org.hibernate.dialect.Dialect            : HHH000400: Using dialect: org.hibernate.dialect.MySQL5InnoDBDialect
Hibernate: drop table if exists posts
Hibernate: drop table if exists user
Hibernate: create table posts (id bigint not null auto_increment, created_date datetime, modified_date datetime, author varchar(255), content TEXT not null, title varchar(500) not null, primary key (id)) engine=InnoDB
Hibernate: create table user (id bigint not null auto_increment, created_date datetime, modified_date datetime, email varchar(255) not null, name varchar(255) not null, picture varchar(255), role varchar(255) not null, primary key (id)) engine=InnoDB
2021-04-22 21:16:35.828  INFO 3686 --- [    Test worker] o.h.t.schema.internal.SchemaCreatorImpl  : HHH000476: Executing import script 'org.hibernate.tool.schema.internal.exec.ScriptSourceInputNonExistentImpl@58f52d08'
2021-04-22 21:16:35.834  INFO 3686 --- [    Test worker] j.LocalContainerEntityManagerFactoryBean : Initialized JPA EntityManagerFactory for persistence unit 'default'
2021-04-22 21:16:37.332  INFO 3686 --- [    Test worker] o.h.h.i.QueryTranslatorFactoryInitiator  : HHH000397: Using ASTQueryTranslatorFactory
2021-04-22 21:16:37.844  INFO 3686 --- [    Test worker] o.s.s.web.DefaultSecurityFilterChain     : Creating filter chain: any request, [org.springframework.security.web.context.request.async.WebAsyncManagerIntegrationFilter@742b6213, org.springframework.security.web.context.SecurityContextPersistenceFilter@51798f51, org.springframework.security.web.header.HeaderWriterFilter@28594231, org.springframework.security.web.authentication.logout.LogoutFilter@4e4cc1cc, org.springframework.security.oauth2.client.web.OAuth2AuthorizationRequestRedirectFilter@27d8c263, org.springframework.security.oauth2.client.web.OAuth2LoginAuthenticationFilter@32835947, org.springframework.security.web.authentication.ui.DefaultLoginPageGeneratingFilter@22d215d7, org.springframework.security.web.authentication.ui.DefaultLogoutPageGeneratingFilter@4ed8f12f, org.springframework.security.web.savedrequest.RequestCacheAwareFilter@15ae8e80, org.springframework.security.web.servletapi.SecurityContextHolderAwareRequestFilter@5eb4d5cf, org.springframework.security.web.authentication.AnonymousAuthenticationFilter@5b1db211, org.springframework.security.web.session.SessionManagementFilter@69d02a0d, org.springframework.security.web.access.ExceptionTranslationFilter@70f50561, org.springframework.security.web.access.intercept.FilterSecurityInterceptor@6c550c13]
2021-04-22 21:16:38.488  INFO 3686 --- [    Test worker] o.s.s.concurrent.ThreadPoolTaskExecutor  : Initializing ExecutorService 'applicationTaskExecutor'
2021-04-22 21:16:38.569  WARN 3686 --- [    Test worker] aWebConfiguration$JpaWebMvcConfiguration : spring.jpa.open-in-view is enabled by default. Therefore, database queries may be performed during view rendering. Explicitly configure spring.jpa.open-in-view to disable this warning
2021-04-22 21:16:38.685  INFO 3686 --- [    Test worker] o.s.b.a.w.s.WelcomePageHandlerMapping    : Adding welcome page template: index
2021-04-22 21:16:39.244  INFO 3686 --- [    Test worker] s.a.ScheduledAnnotationBeanPostProcessor : No TaskScheduler/ScheduledExecutorService bean found for scheduled processing
2021-04-22 21:16:39.288  INFO 3686 --- [    Test worker] o.s.b.w.embedded.tomcat.TomcatWebServer  : Tomcat started on port(s): 49907 (http) with context path ''
2021-04-22 21:16:39.294  INFO 3686 --- [    Test worker] c.h.e.s.web.ProfileControllerTest        : Started ProfileControllerTest in 9.147 seconds (JVM running for 10.329)
2021-04-22 21:16:39.514  INFO 3686 --- [o-auto-1-exec-1] o.a.c.c.C.[Tomcat].[localhost].[/]       : Initializing Spring DispatcherServlet 'dispatcherServlet'
2021-04-22 21:16:39.515  INFO 3686 --- [o-auto-1-exec-1] o.s.web.servlet.DispatcherServlet        : Initializing Servlet 'dispatcherServlet'
2021-04-22 21:16:39.564  INFO 3686 --- [o-auto-1-exec-1] o.s.web.servlet.DispatcherServlet        : Completed initialization in 49 ms
]]></system-out>
  <system-err><![CDATA[]]></system-err>
</testsuite>
