<?xml version="1.0" encoding="UTF-8"?>
<testsuite name="com.hostar.education.springboot.web.ProfileControllerTest" tests="1" skipped="0" failures="0" errors="0" timestamp="2021-04-20T14:13:53" hostname="chahyeonhoui-MacBookPro.local" time="0.378">
  <properties/>
  <testcase name="profile은_인증없이_호출된다" classname="com.hostar.education.springboot.web.ProfileControllerTest" time="0.378"/>
  <system-out><![CDATA[23:13:43.491 [Test worker] DEBUG org.springframework.test.context.junit4.SpringJUnit4ClassRunner - SpringJUnit4ClassRunner constructor called with [class com.hostar.education.springboot.web.ProfileControllerTest]
23:13:43.495 [Test worker] DEBUG org.springframework.test.context.BootstrapUtils - Instantiating CacheAwareContextLoaderDelegate from class [org.springframework.test.context.cache.DefaultCacheAwareContextLoaderDelegate]
23:13:43.501 [Test worker] DEBUG org.springframework.test.context.BootstrapUtils - Instantiating BootstrapContext using constructor [public org.springframework.test.context.support.DefaultBootstrapContext(java.lang.Class,org.springframework.test.context.CacheAwareContextLoaderDelegate)]
23:13:43.526 [Test worker] DEBUG org.springframework.test.context.BootstrapUtils - Instantiating TestContextBootstrapper for test class [com.hostar.education.springboot.web.ProfileControllerTest] from class [org.springframework.boot.test.context.SpringBootTestContextBootstrapper]
23:13:43.534 [Test worker] INFO org.springframework.boot.test.context.SpringBootTestContextBootstrapper - Neither @ContextConfiguration nor @ContextHierarchy found for test class [com.hostar.education.springboot.web.ProfileControllerTest], using SpringBootContextLoader
23:13:43.536 [Test worker] DEBUG org.springframework.test.context.support.AbstractContextLoader - Did not detect default resource location for test class [com.hostar.education.springboot.web.ProfileControllerTest]: class path resource [com/hostar/education/springboot/web/ProfileControllerTest-context.xml] does not exist
23:13:43.537 [Test worker] DEBUG org.springframework.test.context.support.AbstractContextLoader - Did not detect default resource location for test class [com.hostar.education.springboot.web.ProfileControllerTest]: class path resource [com/hostar/education/springboot/web/ProfileControllerTestContext.groovy] does not exist
23:13:43.537 [Test worker] INFO org.springframework.test.context.support.AbstractContextLoader - Could not detect default resource locations for test class [com.hostar.education.springboot.web.ProfileControllerTest]: no resource found for suffixes {-context.xml, Context.groovy}.
23:13:43.537 [Test worker] INFO org.springframework.test.context.support.AnnotationConfigContextLoaderUtils - Could not detect default configuration classes for test class [com.hostar.education.springboot.web.ProfileControllerTest]: ProfileControllerTest does not declare any static, non-private, non-final, nested classes annotated with @Configuration.
23:13:43.591 [Test worker] DEBUG org.springframework.test.context.support.ActiveProfilesUtils - Could not find an 'annotation declaring class' for annotation type [org.springframework.test.context.ActiveProfiles] and class [com.hostar.education.springboot.web.ProfileControllerTest]
23:13:43.780 [Test worker] DEBUG org.springframework.context.annotation.ClassPathScanningCandidateComponentProvider - Identified candidate component class: file [/Users/chahyeonho/IdeaProjects/springboot-hostar-aws2/build/classes/java/main/com/hostar/education/springboot/Application.class]
23:13:43.789 [Test worker] INFO org.springframework.boot.test.context.SpringBootTestContextBootstrapper - Found @SpringBootConfiguration com.hostar.education.springboot.Application for test class com.hostar.education.springboot.web.ProfileControllerTest
23:13:43.880 [Test worker] DEBUG org.springframework.boot.test.context.SpringBootTestContextBootstrapper - @TestExecutionListeners is not present for class [com.hostar.education.springboot.web.ProfileControllerTest]: using defaults.
23:13:43.881 [Test worker] INFO org.springframework.boot.test.context.SpringBootTestContextBootstrapper - Loaded default TestExecutionListener class names from location [META-INF/spring.factories]: [org.springframework.security.test.context.support.WithSecurityContextTestExecutionListener, org.springframework.security.test.context.support.ReactorContextTestExecutionListener, org.springframework.boot.test.autoconfigure.restdocs.RestDocsTestExecutionListener, org.springframework.boot.test.autoconfigure.web.client.MockRestServiceServerResetTestExecutionListener, org.springframework.boot.test.autoconfigure.web.servlet.MockMvcPrintOnlyOnFailureTestExecutionListener, org.springframework.boot.test.autoconfigure.web.servlet.WebDriverTestExecutionListener, org.springframework.boot.test.mock.mockito.MockitoTestExecutionListener, org.springframework.boot.test.mock.mockito.ResetMocksTestExecutionListener, org.springframework.test.context.web.ServletTestExecutionListener, org.springframework.test.context.support.DirtiesContextBeforeModesTestExecutionListener, org.springframework.test.context.support.DependencyInjectionTestExecutionListener, org.springframework.test.context.support.DirtiesContextTestExecutionListener, org.springframework.test.context.transaction.TransactionalTestExecutionListener, org.springframework.test.context.jdbc.SqlScriptsTestExecutionListener]
23:13:43.896 [Test worker] INFO org.springframework.boot.test.context.SpringBootTestContextBootstrapper - Using TestExecutionListeners: [org.springframework.test.context.web.ServletTestExecutionListener@1e46fa33, org.springframework.test.context.support.DirtiesContextBeforeModesTestExecutionListener@2cf30f0c, org.springframework.boot.test.mock.mockito.MockitoTestExecutionListener@c331568, org.springframework.boot.test.autoconfigure.SpringBootDependencyInjectionTestExecutionListener@63cd7983, org.springframework.test.context.support.DirtiesContextTestExecutionListener@4af380ab, org.springframework.test.context.transaction.TransactionalTestExecutionListener@7e4c7d96, org.springframework.test.context.jdbc.SqlScriptsTestExecutionListener@6ac0af62, org.springframework.security.test.context.support.WithSecurityContextTestExecutionListener@62c9d2d8, org.springframework.security.test.context.support.ReactorContextTestExecutionListener@3469e0f2, org.springframework.boot.test.autoconfigure.restdocs.RestDocsTestExecutionListener@29549b24, org.springframework.boot.test.autoconfigure.web.client.MockRestServiceServerResetTestExecutionListener@46009ad3, org.springframework.boot.test.autoconfigure.web.servlet.MockMvcPrintOnlyOnFailureTestExecutionListener@6af3cfd9, org.springframework.boot.test.autoconfigure.web.servlet.WebDriverTestExecutionListener@1166dc05, org.springframework.boot.test.mock.mockito.ResetMocksTestExecutionListener@1c66f8b6]
23:13:43.898 [Test worker] DEBUG org.springframework.test.annotation.ProfileValueUtils - Retrieved @ProfileValueSourceConfiguration [null] for test class [com.hostar.education.springboot.web.ProfileControllerTest]
23:13:43.899 [Test worker] DEBUG org.springframework.test.annotation.ProfileValueUtils - Retrieved ProfileValueSource type [class org.springframework.test.annotation.SystemProfileValueSource] for class [com.hostar.education.springboot.web.ProfileControllerTest]
23:13:43.900 [Test worker] DEBUG org.springframework.test.annotation.ProfileValueUtils - Retrieved @ProfileValueSourceConfiguration [null] for test class [com.hostar.education.springboot.web.ProfileControllerTest]
23:13:43.900 [Test worker] DEBUG org.springframework.test.annotation.ProfileValueUtils - Retrieved ProfileValueSource type [class org.springframework.test.annotation.SystemProfileValueSource] for class [com.hostar.education.springboot.web.ProfileControllerTest]
23:13:43.903 [Test worker] DEBUG org.springframework.test.context.support.AbstractDirtiesContextTestExecutionListener - Before test class: context [DefaultTestContext@30d66f74 testClass = ProfileControllerTest, testInstance = [null], testMethod = [null], testException = [null], mergedContextConfiguration = [WebMergedContextConfiguration@df6f5f9 testClass = ProfileControllerTest, locations = '{}', classes = '{class com.hostar.education.springboot.Application}', contextInitializerClasses = '[]', activeProfiles = '{}', propertySourceLocations = '{}', propertySourceProperties = '{org.springframework.boot.test.context.SpringBootTestContextBootstrapper=true, server.port=0}', contextCustomizers = set[org.springframework.boot.test.autoconfigure.properties.PropertyMappingContextCustomizer@0, org.springframework.boot.test.autoconfigure.web.servlet.WebDriverContextCustomizerFactory$Customizer@29e369c4, org.springframework.boot.test.context.filter.ExcludeFilterContextCustomizer@60427af6, org.springframework.boot.test.json.DuplicateJsonObjectContextCustomizerFactory$DuplicateJsonObjectContextCustomizer@13480433, org.springframework.boot.test.mock.mockito.MockitoContextCustomizer@0, org.springframework.boot.test.web.client.TestRestTemplateContextCustomizer@67855678], resourceBasePath = 'src/main/webapp', contextLoader = 'org.springframework.boot.test.context.SpringBootContextLoader', parent = [null]], attributes = map['org.springframework.test.context.web.ServletTestExecutionListener.activateListener' -> false]], class annotated with @DirtiesContext [false] with mode [null].
23:13:43.904 [Test worker] DEBUG org.springframework.test.annotation.ProfileValueUtils - Retrieved @ProfileValueSourceConfiguration [null] for test class [com.hostar.education.springboot.web.ProfileControllerTest]
23:13:43.904 [Test worker] DEBUG org.springframework.test.annotation.ProfileValueUtils - Retrieved ProfileValueSource type [class org.springframework.test.annotation.SystemProfileValueSource] for class [com.hostar.education.springboot.web.ProfileControllerTest]
23:13:43.909 [Test worker] DEBUG org.springframework.test.context.support.DependencyInjectionTestExecutionListener - Performing dependency injection for test context [[DefaultTestContext@30d66f74 testClass = ProfileControllerTest, testInstance = com.hostar.education.springboot.web.ProfileControllerTest@4d400951, testMethod = [null], testException = [null], mergedContextConfiguration = [WebMergedContextConfiguration@df6f5f9 testClass = ProfileControllerTest, locations = '{}', classes = '{class com.hostar.education.springboot.Application}', contextInitializerClasses = '[]', activeProfiles = '{}', propertySourceLocations = '{}', propertySourceProperties = '{org.springframework.boot.test.context.SpringBootTestContextBootstrapper=true, server.port=0}', contextCustomizers = set[org.springframework.boot.test.autoconfigure.properties.PropertyMappingContextCustomizer@0, org.springframework.boot.test.autoconfigure.web.servlet.WebDriverContextCustomizerFactory$Customizer@29e369c4, org.springframework.boot.test.context.filter.ExcludeFilterContextCustomizer@60427af6, org.springframework.boot.test.json.DuplicateJsonObjectContextCustomizerFactory$DuplicateJsonObjectContextCustomizer@13480433, org.springframework.boot.test.mock.mockito.MockitoContextCustomizer@0, org.springframework.boot.test.web.client.TestRestTemplateContextCustomizer@67855678], resourceBasePath = 'src/main/webapp', contextLoader = 'org.springframework.boot.test.context.SpringBootContextLoader', parent = [null]], attributes = map['org.springframework.test.context.web.ServletTestExecutionListener.activateListener' -> false]]].
23:13:43.936 [Test worker] DEBUG org.springframework.test.context.support.TestPropertySourceUtils - Adding inlined properties to environment: {spring.jmx.enabled=false, org.springframework.boot.test.context.SpringBootTestContextBootstrapper=true, server.port=0}

  .   ____          _            __ _ _
 /\\ / ___'_ __ _ _(_)_ __  __ _ \ \ \ \
( ( )\___ | '_ | '_| | '_ \/ _` | \ \ \ \
 \\/  ___)| |_)| | | | | || (_| |  ) ) ) )
  '  |____| .__|_| |_|_| |_\__, | / / / /
 =========|_|==============|___/=/_/_/_/
 :: Spring Boot ::        (v2.1.9.RELEASE)

2021-04-20 23:13:44.601  INFO 3769 --- [    Test worker] c.h.e.s.web.ProfileControllerTest        : Starting ProfileControllerTest on chahyeonhoui-MacBookPro.local with PID 3769 (started by chahyeonho in /Users/chahyeonho/IdeaProjects/springboot-hostar-aws2)
2021-04-20 23:13:44.609  INFO 3769 --- [    Test worker] c.h.e.s.web.ProfileControllerTest        : No active profile set, falling back to default profiles: default
2021-04-20 23:13:45.885  INFO 3769 --- [    Test worker] .s.d.r.c.RepositoryConfigurationDelegate : Bootstrapping Spring Data repositories in DEFAULT mode.
2021-04-20 23:13:45.996  INFO 3769 --- [    Test worker] .s.d.r.c.RepositoryConfigurationDelegate : Finished Spring Data repository scanning in 99ms. Found 2 repository interfaces.
2021-04-20 23:13:46.975  INFO 3769 --- [    Test worker] trationDelegate$BeanPostProcessorChecker : Bean 'org.springframework.transaction.annotation.ProxyTransactionManagementConfiguration' of type [org.springframework.transaction.annotation.ProxyTransactionManagementConfiguration$$EnhancerBySpringCGLIB$$d2aa1894] is not eligible for getting processed by all BeanPostProcessors (for example: not eligible for auto-proxying)
2021-04-20 23:13:47.626  INFO 3769 --- [    Test worker] o.s.b.w.embedded.tomcat.TomcatWebServer  : Tomcat initialized with port(s): 0 (http)
2021-04-20 23:13:47.671  INFO 3769 --- [    Test worker] o.apache.catalina.core.StandardService   : Starting service [Tomcat]
2021-04-20 23:13:47.671  INFO 3769 --- [    Test worker] org.apache.catalina.core.StandardEngine  : Starting Servlet engine: [Apache Tomcat/9.0.26]
2021-04-20 23:13:47.849  INFO 3769 --- [    Test worker] o.a.c.c.C.[Tomcat].[localhost].[/]       : Initializing Spring embedded WebApplicationContext
2021-04-20 23:13:47.850  INFO 3769 --- [    Test worker] o.s.web.context.ContextLoader            : Root WebApplicationContext: initialization completed in 3184 ms
2021-04-20 23:13:48.268  INFO 3769 --- [    Test worker] com.zaxxer.hikari.HikariDataSource       : HikariPool-1 - Starting...
2021-04-20 23:13:48.467  INFO 3769 --- [    Test worker] com.zaxxer.hikari.HikariDataSource       : HikariPool-1 - Start completed.
2021-04-20 23:13:48.739  INFO 3769 --- [    Test worker] o.hibernate.jpa.internal.util.LogHelper  : HHH000204: Processing PersistenceUnitInfo [
	name: default
	...]
2021-04-20 23:13:48.797  INFO 3769 --- [    Test worker] org.hibernate.Version                    : HHH000412: Hibernate Core {5.3.12.Final}
2021-04-20 23:13:48.800  INFO 3769 --- [    Test worker] org.hibernate.cfg.Environment            : HHH000206: hibernate.properties not found
2021-04-20 23:13:48.928  INFO 3769 --- [    Test worker] o.hibernate.annotations.common.Version   : HCANN000001: Hibernate Commons Annotations {5.0.4.Final}
2021-04-20 23:13:49.068  INFO 3769 --- [    Test worker] org.hibernate.dialect.Dialect            : HHH000400: Using dialect: org.hibernate.dialect.MySQL5InnoDBDialect
Hibernate: drop table if exists posts
Hibernate: drop table if exists user
Hibernate: create table posts (id bigint not null auto_increment, created_date datetime, modified_date datetime, author varchar(255), content TEXT not null, title varchar(500) not null, primary key (id)) engine=InnoDB
Hibernate: create table user (id bigint not null auto_increment, created_date datetime, modified_date datetime, email varchar(255) not null, name varchar(255) not null, picture varchar(255), role varchar(255) not null, primary key (id)) engine=InnoDB
2021-04-20 23:13:49.831  INFO 3769 --- [    Test worker] o.h.t.schema.internal.SchemaCreatorImpl  : HHH000476: Executing import script 'org.hibernate.tool.schema.internal.exec.ScriptSourceInputNonExistentImpl@7f17b193'
2021-04-20 23:13:49.836  INFO 3769 --- [    Test worker] j.LocalContainerEntityManagerFactoryBean : Initialized JPA EntityManagerFactory for persistence unit 'default'
2021-04-20 23:13:51.320  INFO 3769 --- [    Test worker] o.h.h.i.QueryTranslatorFactoryInitiator  : HHH000397: Using ASTQueryTranslatorFactory
2021-04-20 23:13:51.881  INFO 3769 --- [    Test worker] o.s.s.web.DefaultSecurityFilterChain     : Creating filter chain: any request, [org.springframework.security.web.context.request.async.WebAsyncManagerIntegrationFilter@10af9b0b, org.springframework.security.web.context.SecurityContextPersistenceFilter@1bb5ddf3, org.springframework.security.web.header.HeaderWriterFilter@6f4acc71, org.springframework.security.web.authentication.logout.LogoutFilter@b0a9400, org.springframework.security.oauth2.client.web.OAuth2AuthorizationRequestRedirectFilter@12548038, org.springframework.security.oauth2.client.web.OAuth2LoginAuthenticationFilter@706ba599, org.springframework.security.web.authentication.ui.DefaultLoginPageGeneratingFilter@571120fc, org.springframework.security.web.authentication.ui.DefaultLogoutPageGeneratingFilter@715052c8, org.springframework.security.web.savedrequest.RequestCacheAwareFilter@46253203, org.springframework.security.web.servletapi.SecurityContextHolderAwareRequestFilter@6eea4a31, org.springframework.security.web.authentication.AnonymousAuthenticationFilter@4d5ab469, org.springframework.security.web.session.SessionManagementFilter@21ab9388, org.springframework.security.web.access.ExceptionTranslationFilter@382d95a0, org.springframework.security.web.access.intercept.FilterSecurityInterceptor@58f60bc5]
2021-04-20 23:13:52.486  INFO 3769 --- [    Test worker] o.s.s.concurrent.ThreadPoolTaskExecutor  : Initializing ExecutorService 'applicationTaskExecutor'
2021-04-20 23:13:52.556  WARN 3769 --- [    Test worker] aWebConfiguration$JpaWebMvcConfiguration : spring.jpa.open-in-view is enabled by default. Therefore, database queries may be performed during view rendering. Explicitly configure spring.jpa.open-in-view to disable this warning
2021-04-20 23:13:52.660  INFO 3769 --- [    Test worker] o.s.b.a.w.s.WelcomePageHandlerMapping    : Adding welcome page template: index
2021-04-20 23:13:53.169  INFO 3769 --- [    Test worker] s.a.ScheduledAnnotationBeanPostProcessor : No TaskScheduler/ScheduledExecutorService bean found for scheduled processing
2021-04-20 23:13:53.207  INFO 3769 --- [    Test worker] o.s.b.w.embedded.tomcat.TomcatWebServer  : Tomcat started on port(s): 50969 (http) with context path ''
2021-04-20 23:13:53.212  INFO 3769 --- [    Test worker] c.h.e.s.web.ProfileControllerTest        : Started ProfileControllerTest in 9.274 seconds (JVM running for 10.473)
2021-04-20 23:13:53.415  INFO 3769 --- [o-auto-1-exec-1] o.a.c.c.C.[Tomcat].[localhost].[/]       : Initializing Spring DispatcherServlet 'dispatcherServlet'
2021-04-20 23:13:53.417  INFO 3769 --- [o-auto-1-exec-1] o.s.web.servlet.DispatcherServlet        : Initializing Servlet 'dispatcherServlet'
2021-04-20 23:13:53.471  INFO 3769 --- [o-auto-1-exec-1] o.s.web.servlet.DispatcherServlet        : Completed initialization in 51 ms
]]></system-out>
  <system-err><![CDATA[]]></system-err>
</testsuite>
