<?xml version="1.0" encoding="UTF-8"?>
<testsuite name="com.hostar.education.springboot.web.HelloControllerTest" tests="2" skipped="0" failures="0" errors="0" timestamp="2021-04-22T12:16:41" hostname="chahyeonhoui-MacBookPro.local" time="0.105">
  <properties/>
  <testcase name="hello가_리턴된다" classname="com.hostar.education.springboot.web.HelloControllerTest" time="0.042"/>
  <testcase name="helloDto가_리턴된다" classname="com.hostar.education.springboot.web.HelloControllerTest" time="0.06"/>
  <system-out><![CDATA[2021-04-22 21:16:39.718  INFO 3686 --- [    Test worker] .b.t.a.w.s.WebMvcTestContextBootstrapper : Neither @ContextConfiguration nor @ContextHierarchy found for test class [com.hostar.education.springboot.web.HelloControllerTest], using SpringBootContextLoader
2021-04-22 21:16:39.722  INFO 3686 --- [    Test worker] o.s.t.c.support.AbstractContextLoader    : Could not detect default resource locations for test class [com.hostar.education.springboot.web.HelloControllerTest]: no resource found for suffixes {-context.xml, Context.groovy}.
2021-04-22 21:16:39.722  INFO 3686 --- [    Test worker] t.c.s.AnnotationConfigContextLoaderUtils : Could not detect default configuration classes for test class [com.hostar.education.springboot.web.HelloControllerTest]: HelloControllerTest does not declare any static, non-private, non-final, nested classes annotated with @Configuration.
2021-04-22 21:16:39.776  INFO 3686 --- [    Test worker] .b.t.c.SpringBootTestContextBootstrapper : Found @SpringBootConfiguration com.hostar.education.springboot.Application for test class com.hostar.education.springboot.web.HelloControllerTest
2021-04-22 21:16:39.779  INFO 3686 --- [    Test worker] .b.t.a.w.s.WebMvcTestContextBootstrapper : Loaded default TestExecutionListener class names from location [META-INF/spring.factories]: [org.springframework.security.test.context.support.WithSecurityContextTestExecutionListener, org.springframework.security.test.context.support.ReactorContextTestExecutionListener, org.springframework.boot.test.autoconfigure.restdocs.RestDocsTestExecutionListener, org.springframework.boot.test.autoconfigure.web.client.MockRestServiceServerResetTestExecutionListener, org.springframework.boot.test.autoconfigure.web.servlet.MockMvcPrintOnlyOnFailureTestExecutionListener, org.springframework.boot.test.autoconfigure.web.servlet.WebDriverTestExecutionListener, org.springframework.boot.test.mock.mockito.MockitoTestExecutionListener, org.springframework.boot.test.mock.mockito.ResetMocksTestExecutionListener, org.springframework.test.context.web.ServletTestExecutionListener, org.springframework.test.context.support.DirtiesContextBeforeModesTestExecutionListener, org.springframework.test.context.support.DependencyInjectionTestExecutionListener, org.springframework.test.context.support.DirtiesContextTestExecutionListener, org.springframework.test.context.transaction.TransactionalTestExecutionListener, org.springframework.test.context.jdbc.SqlScriptsTestExecutionListener]
2021-04-22 21:16:39.780  INFO 3686 --- [    Test worker] .b.t.a.w.s.WebMvcTestContextBootstrapper : Using TestExecutionListeners: [org.springframework.test.context.web.ServletTestExecutionListener@340b03cd, org.springframework.test.context.support.DirtiesContextBeforeModesTestExecutionListener@2a2637b7, org.springframework.boot.test.mock.mockito.MockitoTestExecutionListener@1e6683d6, org.springframework.boot.test.autoconfigure.SpringBootDependencyInjectionTestExecutionListener@5c09dccf, org.springframework.test.context.support.DirtiesContextTestExecutionListener@30f0a9e8, org.springframework.test.context.transaction.TransactionalTestExecutionListener@2bf0abce, org.springframework.test.context.jdbc.SqlScriptsTestExecutionListener@1a2e555, org.springframework.security.test.context.support.WithSecurityContextTestExecutionListener@135fae0a, org.springframework.security.test.context.support.ReactorContextTestExecutionListener@26d5fa60, org.springframework.boot.test.autoconfigure.restdocs.RestDocsTestExecutionListener@8d58baf, org.springframework.boot.test.autoconfigure.web.client.MockRestServiceServerResetTestExecutionListener@1e4b5fad, org.springframework.boot.test.autoconfigure.web.servlet.MockMvcPrintOnlyOnFailureTestExecutionListener@708a9d90, org.springframework.boot.test.autoconfigure.web.servlet.WebDriverTestExecutionListener@79056f1b, org.springframework.boot.test.mock.mockito.ResetMocksTestExecutionListener@5da90b67]

  .   ____          _            __ _ _
 /\\ / ___'_ __ _ _(_)_ __  __ _ \ \ \ \
( ( )\___ | '_ | '_| | '_ \/ _` | \ \ \ \
 \\/  ___)| |_)| | | | | || (_| |  ) ) ) )
  '  |____| .__|_| |_|_| |_\__, | / / / /
 =========|_|==============|___/=/_/_/_/
 :: Spring Boot ::        (v2.1.9.RELEASE)

2021-04-22 21:16:40.074  INFO 3686 --- [    Test worker] c.h.e.s.web.HelloControllerTest          : Starting HelloControllerTest on chahyeonhoui-MacBookPro.local with PID 3686 (started by chahyeonho in /Users/chahyeonho/IdeaProjects/springboot-hostar-aws2)
2021-04-22 21:16:40.085  INFO 3686 --- [    Test worker] c.h.e.s.web.HelloControllerTest          : No active profile set, falling back to default profiles: default
2021-04-22 21:16:41.090  INFO 3686 --- [    Test worker] o.s.s.concurrent.ThreadPoolTaskExecutor  : Initializing ExecutorService 'applicationTaskExecutor'
2021-04-22 21:16:41.146  INFO 3686 --- [    Test worker] o.s.b.a.w.s.WelcomePageHandlerMapping    : Adding welcome page template: index
2021-04-22 21:16:41.517  INFO 3686 --- [    Test worker] .s.s.UserDetailsServiceAutoConfiguration : 

Using generated security password: e96feaeb-fc65-404e-8a7f-11e3d7f93909

2021-04-22 21:16:41.675  INFO 3686 --- [    Test worker] o.s.s.web.DefaultSecurityFilterChain     : Creating filter chain: any request, [org.springframework.security.web.context.request.async.WebAsyncManagerIntegrationFilter@103ac9db, org.springframework.security.web.context.SecurityContextPersistenceFilter@42519a8a, org.springframework.security.web.header.HeaderWriterFilter@269ee091, org.springframework.security.web.csrf.CsrfFilter@1de93e1c, org.springframework.security.web.authentication.logout.LogoutFilter@238e8da6, org.springframework.security.web.authentication.UsernamePasswordAuthenticationFilter@22c3f63c, org.springframework.security.web.authentication.ui.DefaultLoginPageGeneratingFilter@63ce40b9, org.springframework.security.web.authentication.ui.DefaultLogoutPageGeneratingFilter@4dce9ce1, org.springframework.security.web.authentication.www.BasicAuthenticationFilter@1fd096ba, org.springframework.security.web.savedrequest.RequestCacheAwareFilter@5921c4ca, org.springframework.security.web.servletapi.SecurityContextHolderAwareRequestFilter@8ea2d17, org.springframework.security.web.authentication.AnonymousAuthenticationFilter@56b0b6a4, org.springframework.security.web.session.SessionManagementFilter@72d33380, org.springframework.security.web.access.ExceptionTranslationFilter@bc21527, org.springframework.security.web.access.intercept.FilterSecurityInterceptor@365409fa]
2021-04-22 21:16:41.727  INFO 3686 --- [    Test worker] o.s.b.t.m.w.SpringBootMockServletContext : Initializing Spring TestDispatcherServlet ''
2021-04-22 21:16:41.728  INFO 3686 --- [    Test worker] o.s.t.web.servlet.TestDispatcherServlet  : Initializing Servlet ''
2021-04-22 21:16:41.742  INFO 3686 --- [    Test worker] o.s.t.web.servlet.TestDispatcherServlet  : Completed initialization in 14 ms
2021-04-22 21:16:41.793  INFO 3686 --- [    Test worker] c.h.e.s.web.HelloControllerTest          : Started HelloControllerTest in 2.001 seconds (JVM running for 12.829)
]]></system-out>
  <system-err><![CDATA[]]></system-err>
</testsuite>
