<?xml version="1.0" encoding="UTF-8"?>
<testsuite name="com.hostar.education.springboot.web.HelloControllerTest" tests="2" skipped="0" failures="0" errors="0" timestamp="2021-04-22T12:05:00" hostname="chahyeonhoui-MacBookPro.local" time="0.136">
  <properties/>
  <testcase name="hello가_리턴된다" classname="com.hostar.education.springboot.web.HelloControllerTest" time="0.069"/>
  <testcase name="helloDto가_리턴된다" classname="com.hostar.education.springboot.web.HelloControllerTest" time="0.061"/>
  <system-out><![CDATA[2021-04-22 21:04:58.555  INFO 3280 --- [    Test worker] .b.t.a.w.s.WebMvcTestContextBootstrapper : Neither @ContextConfiguration nor @ContextHierarchy found for test class [com.hostar.education.springboot.web.HelloControllerTest], using SpringBootContextLoader
2021-04-22 21:04:58.559  INFO 3280 --- [    Test worker] o.s.t.c.support.AbstractContextLoader    : Could not detect default resource locations for test class [com.hostar.education.springboot.web.HelloControllerTest]: no resource found for suffixes {-context.xml, Context.groovy}.
2021-04-22 21:04:58.560  INFO 3280 --- [    Test worker] t.c.s.AnnotationConfigContextLoaderUtils : Could not detect default configuration classes for test class [com.hostar.education.springboot.web.HelloControllerTest]: HelloControllerTest does not declare any static, non-private, non-final, nested classes annotated with @Configuration.
2021-04-22 21:04:58.619  INFO 3280 --- [    Test worker] .b.t.c.SpringBootTestContextBootstrapper : Found @SpringBootConfiguration com.hostar.education.springboot.Application for test class com.hostar.education.springboot.web.HelloControllerTest
2021-04-22 21:04:58.624  INFO 3280 --- [    Test worker] .b.t.a.w.s.WebMvcTestContextBootstrapper : Loaded default TestExecutionListener class names from location [META-INF/spring.factories]: [org.springframework.security.test.context.support.WithSecurityContextTestExecutionListener, org.springframework.security.test.context.support.ReactorContextTestExecutionListener, org.springframework.boot.test.autoconfigure.restdocs.RestDocsTestExecutionListener, org.springframework.boot.test.autoconfigure.web.client.MockRestServiceServerResetTestExecutionListener, org.springframework.boot.test.autoconfigure.web.servlet.MockMvcPrintOnlyOnFailureTestExecutionListener, org.springframework.boot.test.autoconfigure.web.servlet.WebDriverTestExecutionListener, org.springframework.boot.test.mock.mockito.MockitoTestExecutionListener, org.springframework.boot.test.mock.mockito.ResetMocksTestExecutionListener, org.springframework.test.context.web.ServletTestExecutionListener, org.springframework.test.context.support.DirtiesContextBeforeModesTestExecutionListener, org.springframework.test.context.support.DependencyInjectionTestExecutionListener, org.springframework.test.context.support.DirtiesContextTestExecutionListener, org.springframework.test.context.transaction.TransactionalTestExecutionListener, org.springframework.test.context.jdbc.SqlScriptsTestExecutionListener]
2021-04-22 21:04:58.626  INFO 3280 --- [    Test worker] .b.t.a.w.s.WebMvcTestContextBootstrapper : Using TestExecutionListeners: [org.springframework.test.context.web.ServletTestExecutionListener@76ffdfe7, org.springframework.test.context.support.DirtiesContextBeforeModesTestExecutionListener@41c0e6d4, org.springframework.boot.test.mock.mockito.MockitoTestExecutionListener@53e2852a, org.springframework.boot.test.autoconfigure.SpringBootDependencyInjectionTestExecutionListener@26f684f0, org.springframework.test.context.support.DirtiesContextTestExecutionListener@2e7e672e, org.springframework.test.context.transaction.TransactionalTestExecutionListener@684ec273, org.springframework.test.context.jdbc.SqlScriptsTestExecutionListener@2f42d185, org.springframework.security.test.context.support.WithSecurityContextTestExecutionListener@3d011199, org.springframework.security.test.context.support.ReactorContextTestExecutionListener@601b4600, org.springframework.boot.test.autoconfigure.restdocs.RestDocsTestExecutionListener@7e584d2a, org.springframework.boot.test.autoconfigure.web.client.MockRestServiceServerResetTestExecutionListener@472f759d, org.springframework.boot.test.autoconfigure.web.servlet.MockMvcPrintOnlyOnFailureTestExecutionListener@72973938, org.springframework.boot.test.autoconfigure.web.servlet.WebDriverTestExecutionListener@48064a2c, org.springframework.boot.test.mock.mockito.ResetMocksTestExecutionListener@748b6f1b]

  .   ____          _            __ _ _
 /\\ / ___'_ __ _ _(_)_ __  __ _ \ \ \ \
( ( )\___ | '_ | '_| | '_ \/ _` | \ \ \ \
 \\/  ___)| |_)| | | | | || (_| |  ) ) ) )
  '  |____| .__|_| |_|_| |_\__, | / / / /
 =========|_|==============|___/=/_/_/_/
 :: Spring Boot ::        (v2.1.9.RELEASE)

2021-04-22 21:04:58.702  INFO 3280 --- [    Test worker] c.h.e.s.web.HelloControllerTest          : Starting HelloControllerTest on chahyeonhoui-MacBookPro.local with PID 3280 (started by chahyeonho in /Users/chahyeonho/IdeaProjects/springboot-hostar-aws2)
2021-04-22 21:04:58.705  INFO 3280 --- [    Test worker] c.h.e.s.web.HelloControllerTest          : No active profile set, falling back to default profiles: default
2021-04-22 21:04:59.517  INFO 3280 --- [    Test worker] o.s.s.concurrent.ThreadPoolTaskExecutor  : Initializing ExecutorService 'applicationTaskExecutor'
2021-04-22 21:04:59.564  INFO 3280 --- [    Test worker] o.s.b.a.w.s.WelcomePageHandlerMapping    : Adding welcome page template: index
2021-04-22 21:04:59.825  INFO 3280 --- [    Test worker] .s.s.UserDetailsServiceAutoConfiguration : 

Using generated security password: 39d21e57-4898-4e9f-ba26-182a9a4050e4

2021-04-22 21:04:59.937  INFO 3280 --- [    Test worker] o.s.s.web.DefaultSecurityFilterChain     : Creating filter chain: any request, [org.springframework.security.web.context.request.async.WebAsyncManagerIntegrationFilter@2bdd1fc3, org.springframework.security.web.context.SecurityContextPersistenceFilter@76cdc32e, org.springframework.security.web.header.HeaderWriterFilter@519920b5, org.springframework.security.web.csrf.CsrfFilter@26acf2f5, org.springframework.security.web.authentication.logout.LogoutFilter@35e7ad05, org.springframework.security.web.authentication.UsernamePasswordAuthenticationFilter@210338d7, org.springframework.security.web.authentication.ui.DefaultLoginPageGeneratingFilter@15b19347, org.springframework.security.web.authentication.ui.DefaultLogoutPageGeneratingFilter@11afe336, org.springframework.security.web.authentication.www.BasicAuthenticationFilter@28780ef8, org.springframework.security.web.savedrequest.RequestCacheAwareFilter@705ad50, org.springframework.security.web.servletapi.SecurityContextHolderAwareRequestFilter@1f01b98d, org.springframework.security.web.authentication.AnonymousAuthenticationFilter@79482035, org.springframework.security.web.session.SessionManagementFilter@10634b29, org.springframework.security.web.access.ExceptionTranslationFilter@40f639ee, org.springframework.security.web.access.intercept.FilterSecurityInterceptor@2409a080]
2021-04-22 21:04:59.973  INFO 3280 --- [    Test worker] o.s.b.t.m.w.SpringBootMockServletContext : Initializing Spring TestDispatcherServlet ''
2021-04-22 21:04:59.976  INFO 3280 --- [    Test worker] o.s.t.web.servlet.TestDispatcherServlet  : Initializing Servlet ''
2021-04-22 21:05:00.001  INFO 3280 --- [    Test worker] o.s.t.web.servlet.TestDispatcherServlet  : Completed initialization in 24 ms
2021-04-22 21:05:00.075  INFO 3280 --- [    Test worker] c.h.e.s.web.HelloControllerTest          : Started HelloControllerTest in 1.43 seconds (JVM running for 12.599)
]]></system-out>
  <system-err><![CDATA[]]></system-err>
</testsuite>
