<?xml version="1.0" encoding="UTF-8"?>
<testsuite name="com.hostar.education.springboot.web.IndexControllerTest" tests="1" skipped="0" failures="0" errors="0" timestamp="2021-04-28T12:21:08" hostname="chahyeonhoui-MacBookPro.local" time="0.173">
  <properties/>
  <testcase name="메인페이지_로딩" classname="com.hostar.education.springboot.web.IndexControllerTest" time="0.173"/>
  <system-out><![CDATA[2021-04-28 21:21:08.030  INFO 1992 --- [    Test worker] .b.t.c.SpringBootTestContextBootstrapper : Neither @ContextConfiguration nor @ContextHierarchy found for test class [com.hostar.education.springboot.web.IndexControllerTest], using SpringBootContextLoader
2021-04-28 21:21:08.033  INFO 1992 --- [    Test worker] o.s.t.c.support.AbstractContextLoader    : Could not detect default resource locations for test class [com.hostar.education.springboot.web.IndexControllerTest]: no resource found for suffixes {-context.xml, Context.groovy}.
2021-04-28 21:21:08.033  INFO 1992 --- [    Test worker] t.c.s.AnnotationConfigContextLoaderUtils : Could not detect default configuration classes for test class [com.hostar.education.springboot.web.IndexControllerTest]: IndexControllerTest does not declare any static, non-private, non-final, nested classes annotated with @Configuration.
2021-04-28 21:21:08.036  INFO 1992 --- [    Test worker] .b.t.c.SpringBootTestContextBootstrapper : Found @SpringBootConfiguration com.hostar.education.springboot.Application for test class com.hostar.education.springboot.web.IndexControllerTest
2021-04-28 21:21:08.041  INFO 1992 --- [    Test worker] .b.t.c.SpringBootTestContextBootstrapper : Loaded default TestExecutionListener class names from location [META-INF/spring.factories]: [org.springframework.security.test.context.support.WithSecurityContextTestExecutionListener, org.springframework.security.test.context.support.ReactorContextTestExecutionListener, org.springframework.boot.test.autoconfigure.restdocs.RestDocsTestExecutionListener, org.springframework.boot.test.autoconfigure.web.client.MockRestServiceServerResetTestExecutionListener, org.springframework.boot.test.autoconfigure.web.servlet.MockMvcPrintOnlyOnFailureTestExecutionListener, org.springframework.boot.test.autoconfigure.web.servlet.WebDriverTestExecutionListener, org.springframework.boot.test.mock.mockito.MockitoTestExecutionListener, org.springframework.boot.test.mock.mockito.ResetMocksTestExecutionListener, org.springframework.test.context.web.ServletTestExecutionListener, org.springframework.test.context.support.DirtiesContextBeforeModesTestExecutionListener, org.springframework.test.context.support.DependencyInjectionTestExecutionListener, org.springframework.test.context.support.DirtiesContextTestExecutionListener, org.springframework.test.context.transaction.TransactionalTestExecutionListener, org.springframework.test.context.jdbc.SqlScriptsTestExecutionListener]
2021-04-28 21:21:08.042  INFO 1992 --- [    Test worker] .b.t.c.SpringBootTestContextBootstrapper : Using TestExecutionListeners: [org.springframework.test.context.web.ServletTestExecutionListener@7213e2df, org.springframework.test.context.support.DirtiesContextBeforeModesTestExecutionListener@316af7d5, org.springframework.boot.test.mock.mockito.MockitoTestExecutionListener@7e380389, org.springframework.boot.test.autoconfigure.SpringBootDependencyInjectionTestExecutionListener@55dea4cc, org.springframework.test.context.support.DirtiesContextTestExecutionListener@38b6b1b2, org.springframework.test.context.transaction.TransactionalTestExecutionListener@5e843d2e, org.springframework.test.context.jdbc.SqlScriptsTestExecutionListener@601e493c, org.springframework.security.test.context.support.WithSecurityContextTestExecutionListener@40467937, org.springframework.security.test.context.support.ReactorContextTestExecutionListener@4df07bac, org.springframework.boot.test.autoconfigure.restdocs.RestDocsTestExecutionListener@32625271, org.springframework.boot.test.autoconfigure.web.client.MockRestServiceServerResetTestExecutionListener@20a7baa8, org.springframework.boot.test.autoconfigure.web.servlet.MockMvcPrintOnlyOnFailureTestExecutionListener@53dbf04a, org.springframework.boot.test.autoconfigure.web.servlet.WebDriverTestExecutionListener@1d38dc86, org.springframework.boot.test.mock.mockito.ResetMocksTestExecutionListener@3d69f48a]
Hibernate: select posts0_.id as id1_0_, posts0_.created_date as created_2_0_, posts0_.modified_date as modified3_0_, posts0_.author as author4_0_, posts0_.content as content5_0_, posts0_.title as title6_0_ from posts posts0_ order by posts0_.id DESC
]]></system-out>
  <system-err><![CDATA[]]></system-err>
</testsuite>
