<?xml version="1.0" encoding="UTF-8"?>
<testsuite name="com.hostar.education.springboot.domain.posts.PostsRepositoryTest" tests="2" skipped="0" failures="0" errors="0" timestamp="2021-04-22T12:38:39" hostname="chahyeonhoui-MacBookPro.local" time="0.055">
  <properties/>
  <testcase name="게시글저장_불러오기" classname="com.hostar.education.springboot.domain.posts.PostsRepositoryTest" time="0.045"/>
  <testcase name="BaseTimeEntity_등록" classname="com.hostar.education.springboot.domain.posts.PostsRepositoryTest" time="0.009"/>
  <system-out><![CDATA[2021-04-22 21:38:37.479  INFO 4136 --- [    Test worker] .b.t.c.SpringBootTestContextBootstrapper : Neither @ContextConfiguration nor @ContextHierarchy found for test class [com.hostar.education.springboot.domain.posts.PostsRepositoryTest], using SpringBootContextLoader
2021-04-22 21:38:37.480  INFO 4136 --- [    Test worker] o.s.t.c.support.AbstractContextLoader    : Could not detect default resource locations for test class [com.hostar.education.springboot.domain.posts.PostsRepositoryTest]: no resource found for suffixes {-context.xml, Context.groovy}.
2021-04-22 21:38:37.480  INFO 4136 --- [    Test worker] t.c.s.AnnotationConfigContextLoaderUtils : Could not detect default configuration classes for test class [com.hostar.education.springboot.domain.posts.PostsRepositoryTest]: PostsRepositoryTest does not declare any static, non-private, non-final, nested classes annotated with @Configuration.
2021-04-22 21:38:37.494  INFO 4136 --- [    Test worker] .b.t.c.SpringBootTestContextBootstrapper : Found @SpringBootConfiguration com.hostar.education.springboot.Application for test class com.hostar.education.springboot.domain.posts.PostsRepositoryTest
2021-04-22 21:38:37.497  INFO 4136 --- [    Test worker] .b.t.c.SpringBootTestContextBootstrapper : Loaded default TestExecutionListener class names from location [META-INF/spring.factories]: [org.springframework.security.test.context.support.WithSecurityContextTestExecutionListener, org.springframework.security.test.context.support.ReactorContextTestExecutionListener, org.springframework.boot.test.autoconfigure.restdocs.RestDocsTestExecutionListener, org.springframework.boot.test.autoconfigure.web.client.MockRestServiceServerResetTestExecutionListener, org.springframework.boot.test.autoconfigure.web.servlet.MockMvcPrintOnlyOnFailureTestExecutionListener, org.springframework.boot.test.autoconfigure.web.servlet.WebDriverTestExecutionListener, org.springframework.boot.test.mock.mockito.MockitoTestExecutionListener, org.springframework.boot.test.mock.mockito.ResetMocksTestExecutionListener, org.springframework.test.context.web.ServletTestExecutionListener, org.springframework.test.context.support.DirtiesContextBeforeModesTestExecutionListener, org.springframework.test.context.support.DependencyInjectionTestExecutionListener, org.springframework.test.context.support.DirtiesContextTestExecutionListener, org.springframework.test.context.transaction.TransactionalTestExecutionListener, org.springframework.test.context.jdbc.SqlScriptsTestExecutionListener]
2021-04-22 21:38:37.497  INFO 4136 --- [    Test worker] .b.t.c.SpringBootTestContextBootstrapper : Using TestExecutionListeners: [org.springframework.test.context.web.ServletTestExecutionListener@62283e97, org.springframework.test.context.support.DirtiesContextBeforeModesTestExecutionListener@7b1e6bf1, org.springframework.boot.test.mock.mockito.MockitoTestExecutionListener@2416d0b0, org.springframework.boot.test.autoconfigure.SpringBootDependencyInjectionTestExecutionListener@432dbe90, org.springframework.test.context.support.DirtiesContextTestExecutionListener@6052fce4, org.springframework.test.context.transaction.TransactionalTestExecutionListener@681b52fc, org.springframework.test.context.jdbc.SqlScriptsTestExecutionListener@7a1a9c1f, org.springframework.security.test.context.support.WithSecurityContextTestExecutionListener@546d64f2, org.springframework.security.test.context.support.ReactorContextTestExecutionListener@232f0747, org.springframework.boot.test.autoconfigure.restdocs.RestDocsTestExecutionListener@11112d6c, org.springframework.boot.test.autoconfigure.web.client.MockRestServiceServerResetTestExecutionListener@3fc5b135, org.springframework.boot.test.autoconfigure.web.servlet.MockMvcPrintOnlyOnFailureTestExecutionListener@b008cb, org.springframework.boot.test.autoconfigure.web.servlet.WebDriverTestExecutionListener@5b7e22a5, org.springframework.boot.test.mock.mockito.ResetMocksTestExecutionListener@439c0eeb]

  .   ____          _            __ _ _
 /\\ / ___'_ __ _ _(_)_ __  __ _ \ \ \ \
( ( )\___ | '_ | '_| | '_ \/ _` | \ \ \ \
 \\/  ___)| |_)| | | | | || (_| |  ) ) ) )
  '  |____| .__|_| |_|_| |_\__, | / / / /
 =========|_|==============|___/=/_/_/_/
 :: Spring Boot ::        (v2.1.9.RELEASE)

2021-04-22 21:38:37.530  INFO 4136 --- [    Test worker] c.h.e.s.d.posts.PostsRepositoryTest      : Starting PostsRepositoryTest on chahyeonhoui-MacBookPro.local with PID 4136 (started by chahyeonho in /Users/chahyeonho/IdeaProjects/springboot-hostar-aws2)
2021-04-22 21:38:37.531  INFO 4136 --- [    Test worker] c.h.e.s.d.posts.PostsRepositoryTest      : No active profile set, falling back to default profiles: default
2021-04-22 21:38:37.802  INFO 4136 --- [    Test worker] .s.d.r.c.RepositoryConfigurationDelegate : Bootstrapping Spring Data repositories in DEFAULT mode.
2021-04-22 21:38:37.833  INFO 4136 --- [    Test worker] .s.d.r.c.RepositoryConfigurationDelegate : Finished Spring Data repository scanning in 30ms. Found 2 repository interfaces.
2021-04-22 21:38:37.966  INFO 4136 --- [    Test worker] trationDelegate$BeanPostProcessorChecker : Bean 'org.springframework.transaction.annotation.ProxyTransactionManagementConfiguration' of type [org.springframework.transaction.annotation.ProxyTransactionManagementConfiguration$$EnhancerBySpringCGLIB$$8d05af4a] is not eligible for getting processed by all BeanPostProcessors (for example: not eligible for auto-proxying)
2021-04-22 21:38:38.059  INFO 4136 --- [    Test worker] com.zaxxer.hikari.HikariDataSource       : HikariPool-2 - Starting...
2021-04-22 21:38:38.062  INFO 4136 --- [    Test worker] com.zaxxer.hikari.HikariDataSource       : HikariPool-2 - Start completed.
2021-04-22 21:38:38.094  INFO 4136 --- [    Test worker] o.hibernate.jpa.internal.util.LogHelper  : HHH000204: Processing PersistenceUnitInfo [
	name: default
	...]
2021-04-22 21:38:38.103  INFO 4136 --- [    Test worker] org.hibernate.dialect.Dialect            : HHH000400: Using dialect: org.hibernate.dialect.MySQL5InnoDBDialect
Hibernate: drop table if exists posts
Hibernate: drop table if exists user
Hibernate: create table posts (id bigint not null auto_increment, created_date datetime, modified_date datetime, author varchar(255), content TEXT not null, title varchar(500) not null, primary key (id)) engine=InnoDB
Hibernate: create table user (id bigint not null auto_increment, created_date datetime, modified_date datetime, email varchar(255) not null, name varchar(255) not null, picture varchar(255), role varchar(255) not null, primary key (id)) engine=InnoDB
2021-04-22 21:38:38.190  INFO 4136 --- [    Test worker] o.h.t.schema.internal.SchemaCreatorImpl  : HHH000476: Executing import script 'org.hibernate.tool.schema.internal.exec.ScriptSourceInputNonExistentImpl@14cf40f4'
2021-04-22 21:38:38.191  INFO 4136 --- [    Test worker] j.LocalContainerEntityManagerFactoryBean : Initialized JPA EntityManagerFactory for persistence unit 'default'
2021-04-22 21:38:38.399  INFO 4136 --- [    Test worker] o.h.h.i.QueryTranslatorFactoryInitiator  : HHH000397: Using ASTQueryTranslatorFactory
2021-04-22 21:38:38.564  INFO 4136 --- [    Test worker] o.s.s.web.DefaultSecurityFilterChain     : Creating filter chain: any request, [org.springframework.security.web.context.request.async.WebAsyncManagerIntegrationFilter@4d287b07, org.springframework.security.web.context.SecurityContextPersistenceFilter@7cedc3b3, org.springframework.security.web.header.HeaderWriterFilter@de86839, org.springframework.security.web.authentication.logout.LogoutFilter@1bd44d61, org.springframework.security.oauth2.client.web.OAuth2AuthorizationRequestRedirectFilter@10940c90, org.springframework.security.oauth2.client.web.OAuth2LoginAuthenticationFilter@43d3b656, org.springframework.security.web.authentication.ui.DefaultLoginPageGeneratingFilter@9b6e7bf, org.springframework.security.web.authentication.ui.DefaultLogoutPageGeneratingFilter@20cf4eff, org.springframework.security.web.savedrequest.RequestCacheAwareFilter@5522d2e9, org.springframework.security.web.servletapi.SecurityContextHolderAwareRequestFilter@1b45d1d4, org.springframework.security.web.authentication.AnonymousAuthenticationFilter@100f26fa, org.springframework.security.web.session.SessionManagementFilter@9837c47, org.springframework.security.web.access.ExceptionTranslationFilter@31e310af, org.springframework.security.web.access.intercept.FilterSecurityInterceptor@67d7efb]
2021-04-22 21:38:38.906  INFO 4136 --- [    Test worker] o.s.s.concurrent.ThreadPoolTaskExecutor  : Initializing ExecutorService 'applicationTaskExecutor'
2021-04-22 21:38:38.921  WARN 4136 --- [    Test worker] aWebConfiguration$JpaWebMvcConfiguration : spring.jpa.open-in-view is enabled by default. Therefore, database queries may be performed during view rendering. Explicitly configure spring.jpa.open-in-view to disable this warning
2021-04-22 21:38:38.962  INFO 4136 --- [    Test worker] o.s.b.a.w.s.WelcomePageHandlerMapping    : Adding welcome page template: index
2021-04-22 21:38:39.234  INFO 4136 --- [    Test worker] s.a.ScheduledAnnotationBeanPostProcessor : No TaskScheduler/ScheduledExecutorService bean found for scheduled processing
2021-04-22 21:38:39.236  INFO 4136 --- [    Test worker] c.h.e.s.d.posts.PostsRepositoryTest      : Started PostsRepositoryTest in 1.737 seconds (JVM running for 14.968)
Hibernate: insert into posts (created_date, modified_date, author, content, title) values (?, ?, ?, ?, ?)
Hibernate: select posts0_.id as id1_0_, posts0_.created_date as created_2_0_, posts0_.modified_date as modified3_0_, posts0_.author as author4_0_, posts0_.content as content5_0_, posts0_.title as title6_0_ from posts posts0_
Hibernate: select posts0_.id as id1_0_, posts0_.created_date as created_2_0_, posts0_.modified_date as modified3_0_, posts0_.author as author4_0_, posts0_.content as content5_0_, posts0_.title as title6_0_ from posts posts0_
Hibernate: delete from posts where id=?
Hibernate: insert into posts (created_date, modified_date, author, content, title) values (?, ?, ?, ?, ?)
Hibernate: select posts0_.id as id1_0_, posts0_.created_date as created_2_0_, posts0_.modified_date as modified3_0_, posts0_.author as author4_0_, posts0_.content as content5_0_, posts0_.title as title6_0_ from posts posts0_
>>>>>>>>> createDate=2021-04-22T21:38:39.298, modifiedDate=2021-04-22T21:38:39.298
Hibernate: select posts0_.id as id1_0_, posts0_.created_date as created_2_0_, posts0_.modified_date as modified3_0_, posts0_.author as author4_0_, posts0_.content as content5_0_, posts0_.title as title6_0_ from posts posts0_
Hibernate: delete from posts where id=?
]]></system-out>
  <system-err><![CDATA[]]></system-err>
</testsuite>
