<?xml version="1.0" encoding="UTF-8"?>
<testsuite name="com.hostar.education.springboot.web.HelloControllerTest" tests="2" skipped="0" failures="0" errors="0" timestamp="2021-04-22T12:38:36" hostname="chahyeonhoui-MacBookPro.local" time="0.167">
  <properties/>
  <testcase name="hello가_리턴된다" classname="com.hostar.education.springboot.web.HelloControllerTest" time="0.078"/>
  <testcase name="helloDto가_리턴된다" classname="com.hostar.education.springboot.web.HelloControllerTest" time="0.081"/>
  <system-out><![CDATA[2021-04-22 21:38:35.182  INFO 4136 --- [    Test worker] .b.t.a.w.s.WebMvcTestContextBootstrapper : Neither @ContextConfiguration nor @ContextHierarchy found for test class [com.hostar.education.springboot.web.HelloControllerTest], using SpringBootContextLoader
2021-04-22 21:38:35.187  INFO 4136 --- [    Test worker] o.s.t.c.support.AbstractContextLoader    : Could not detect default resource locations for test class [com.hostar.education.springboot.web.HelloControllerTest]: no resource found for suffixes {-context.xml, Context.groovy}.
2021-04-22 21:38:35.187  INFO 4136 --- [    Test worker] t.c.s.AnnotationConfigContextLoaderUtils : Could not detect default configuration classes for test class [com.hostar.education.springboot.web.HelloControllerTest]: HelloControllerTest does not declare any static, non-private, non-final, nested classes annotated with @Configuration.
2021-04-22 21:38:35.247  INFO 4136 --- [    Test worker] .b.t.c.SpringBootTestContextBootstrapper : Found @SpringBootConfiguration com.hostar.education.springboot.Application for test class com.hostar.education.springboot.web.HelloControllerTest
2021-04-22 21:38:35.254  INFO 4136 --- [    Test worker] .b.t.a.w.s.WebMvcTestContextBootstrapper : Loaded default TestExecutionListener class names from location [META-INF/spring.factories]: [org.springframework.security.test.context.support.WithSecurityContextTestExecutionListener, org.springframework.security.test.context.support.ReactorContextTestExecutionListener, org.springframework.boot.test.autoconfigure.restdocs.RestDocsTestExecutionListener, org.springframework.boot.test.autoconfigure.web.client.MockRestServiceServerResetTestExecutionListener, org.springframework.boot.test.autoconfigure.web.servlet.MockMvcPrintOnlyOnFailureTestExecutionListener, org.springframework.boot.test.autoconfigure.web.servlet.WebDriverTestExecutionListener, org.springframework.boot.test.mock.mockito.MockitoTestExecutionListener, org.springframework.boot.test.mock.mockito.ResetMocksTestExecutionListener, org.springframework.test.context.web.ServletTestExecutionListener, org.springframework.test.context.support.DirtiesContextBeforeModesTestExecutionListener, org.springframework.test.context.support.DependencyInjectionTestExecutionListener, org.springframework.test.context.support.DirtiesContextTestExecutionListener, org.springframework.test.context.transaction.TransactionalTestExecutionListener, org.springframework.test.context.jdbc.SqlScriptsTestExecutionListener]
2021-04-22 21:38:35.255  INFO 4136 --- [    Test worker] .b.t.a.w.s.WebMvcTestContextBootstrapper : Using TestExecutionListeners: [org.springframework.test.context.web.ServletTestExecutionListener@37352682, org.springframework.test.context.support.DirtiesContextBeforeModesTestExecutionListener@63af0f02, org.springframework.boot.test.mock.mockito.MockitoTestExecutionListener@26b22753, org.springframework.boot.test.autoconfigure.SpringBootDependencyInjectionTestExecutionListener@732c238d, org.springframework.test.context.support.DirtiesContextTestExecutionListener@6d331a5c, org.springframework.test.context.transaction.TransactionalTestExecutionListener@76ffdfe7, org.springframework.test.context.jdbc.SqlScriptsTestExecutionListener@41c0e6d4, org.springframework.security.test.context.support.WithSecurityContextTestExecutionListener@53e2852a, org.springframework.security.test.context.support.ReactorContextTestExecutionListener@26f684f0, org.springframework.boot.test.autoconfigure.restdocs.RestDocsTestExecutionListener@2e7e672e, org.springframework.boot.test.autoconfigure.web.client.MockRestServiceServerResetTestExecutionListener@684ec273, org.springframework.boot.test.autoconfigure.web.servlet.MockMvcPrintOnlyOnFailureTestExecutionListener@2f42d185, org.springframework.boot.test.autoconfigure.web.servlet.WebDriverTestExecutionListener@3d011199, org.springframework.boot.test.mock.mockito.ResetMocksTestExecutionListener@601b4600]

  .   ____          _            __ _ _
 /\\ / ___'_ __ _ _(_)_ __  __ _ \ \ \ \
( ( )\___ | '_ | '_| | '_ \/ _` | \ \ \ \
 \\/  ___)| |_)| | | | | || (_| |  ) ) ) )
  '  |____| .__|_| |_|_| |_\__, | / / / /
 =========|_|==============|___/=/_/_/_/
 :: Spring Boot ::        (v2.1.9.RELEASE)

2021-04-22 21:38:35.352  INFO 4136 --- [    Test worker] c.h.e.s.web.HelloControllerTest          : Starting HelloControllerTest on chahyeonhoui-MacBookPro.local with PID 4136 (started by chahyeonho in /Users/chahyeonho/IdeaProjects/springboot-hostar-aws2)
2021-04-22 21:38:35.356  INFO 4136 --- [    Test worker] c.h.e.s.web.HelloControllerTest          : No active profile set, falling back to default profiles: default
2021-04-22 21:38:36.281  INFO 4136 --- [    Test worker] o.s.s.concurrent.ThreadPoolTaskExecutor  : Initializing ExecutorService 'applicationTaskExecutor'
2021-04-22 21:38:36.331  INFO 4136 --- [    Test worker] o.s.b.a.w.s.WelcomePageHandlerMapping    : Adding welcome page template: index
2021-04-22 21:38:36.566  INFO 4136 --- [    Test worker] .s.s.UserDetailsServiceAutoConfiguration : 

Using generated security password: 1188c6c3-5142-4399-b0d4-c4eafe856df7

2021-04-22 21:38:36.656  INFO 4136 --- [    Test worker] o.s.s.web.DefaultSecurityFilterChain     : Creating filter chain: any request, [org.springframework.security.web.context.request.async.WebAsyncManagerIntegrationFilter@204aaa1c, org.springframework.security.web.context.SecurityContextPersistenceFilter@26acf2f5, org.springframework.security.web.header.HeaderWriterFilter@5084535f, org.springframework.security.web.csrf.CsrfFilter@5e94cde8, org.springframework.security.web.authentication.logout.LogoutFilter@705ad50, org.springframework.security.web.authentication.UsernamePasswordAuthenticationFilter@35e7ad05, org.springframework.security.web.authentication.ui.DefaultLoginPageGeneratingFilter@519920b5, org.springframework.security.web.authentication.ui.DefaultLogoutPageGeneratingFilter@79e1fbb3, org.springframework.security.web.authentication.www.BasicAuthenticationFilter@2409a080, org.springframework.security.web.savedrequest.RequestCacheAwareFilter@321a9a59, org.springframework.security.web.servletapi.SecurityContextHolderAwareRequestFilter@40f639ee, org.springframework.security.web.authentication.AnonymousAuthenticationFilter@100559af, org.springframework.security.web.session.SessionManagementFilter@28873f2a, org.springframework.security.web.access.ExceptionTranslationFilter@2b97e6a7, org.springframework.security.web.access.intercept.FilterSecurityInterceptor@27b8a5ae]
2021-04-22 21:38:36.675  INFO 4136 --- [    Test worker] o.s.b.t.m.w.SpringBootMockServletContext : Initializing Spring TestDispatcherServlet ''
2021-04-22 21:38:36.676  INFO 4136 --- [    Test worker] o.s.t.web.servlet.TestDispatcherServlet  : Initializing Servlet ''
2021-04-22 21:38:36.694  INFO 4136 --- [    Test worker] o.s.t.web.servlet.TestDispatcherServlet  : Completed initialization in 17 ms
2021-04-22 21:38:36.753  INFO 4136 --- [    Test worker] c.h.e.s.web.HelloControllerTest          : Started HelloControllerTest in 1.483 seconds (JVM running for 12.485)
]]></system-out>
  <system-err><![CDATA[]]></system-err>
</testsuite>
