<?xml version="1.0" encoding="UTF-8"?>
<testsuite name="com.hostar.education.springboot.web.HelloControllerTest" tests="2" skipped="0" failures="0" errors="0" timestamp="2021-04-28T12:21:07" hostname="chahyeonhoui-MacBookPro.local" time="0.159">
  <properties/>
  <testcase name="hello가_리턴된다" classname="com.hostar.education.springboot.web.HelloControllerTest" time="0.079"/>
  <testcase name="helloDto가_리턴된다" classname="com.hostar.education.springboot.web.HelloControllerTest" time="0.072"/>
  <system-out><![CDATA[2021-04-28 21:21:06.205  INFO 1992 --- [    Test worker] .b.t.a.w.s.WebMvcTestContextBootstrapper : Neither @ContextConfiguration nor @ContextHierarchy found for test class [com.hostar.education.springboot.web.HelloControllerTest], using SpringBootContextLoader
2021-04-28 21:21:06.209  INFO 1992 --- [    Test worker] o.s.t.c.support.AbstractContextLoader    : Could not detect default resource locations for test class [com.hostar.education.springboot.web.HelloControllerTest]: no resource found for suffixes {-context.xml, Context.groovy}.
2021-04-28 21:21:06.210  INFO 1992 --- [    Test worker] t.c.s.AnnotationConfigContextLoaderUtils : Could not detect default configuration classes for test class [com.hostar.education.springboot.web.HelloControllerTest]: HelloControllerTest does not declare any static, non-private, non-final, nested classes annotated with @Configuration.
2021-04-28 21:21:06.269  INFO 1992 --- [    Test worker] .b.t.c.SpringBootTestContextBootstrapper : Found @SpringBootConfiguration com.hostar.education.springboot.Application for test class com.hostar.education.springboot.web.HelloControllerTest
2021-04-28 21:21:06.272  INFO 1992 --- [    Test worker] .b.t.a.w.s.WebMvcTestContextBootstrapper : Loaded default TestExecutionListener class names from location [META-INF/spring.factories]: [org.springframework.security.test.context.support.WithSecurityContextTestExecutionListener, org.springframework.security.test.context.support.ReactorContextTestExecutionListener, org.springframework.boot.test.autoconfigure.restdocs.RestDocsTestExecutionListener, org.springframework.boot.test.autoconfigure.web.client.MockRestServiceServerResetTestExecutionListener, org.springframework.boot.test.autoconfigure.web.servlet.MockMvcPrintOnlyOnFailureTestExecutionListener, org.springframework.boot.test.autoconfigure.web.servlet.WebDriverTestExecutionListener, org.springframework.boot.test.mock.mockito.MockitoTestExecutionListener, org.springframework.boot.test.mock.mockito.ResetMocksTestExecutionListener, org.springframework.test.context.web.ServletTestExecutionListener, org.springframework.test.context.support.DirtiesContextBeforeModesTestExecutionListener, org.springframework.test.context.support.DependencyInjectionTestExecutionListener, org.springframework.test.context.support.DirtiesContextTestExecutionListener, org.springframework.test.context.transaction.TransactionalTestExecutionListener, org.springframework.test.context.jdbc.SqlScriptsTestExecutionListener]
2021-04-28 21:21:06.274  INFO 1992 --- [    Test worker] .b.t.a.w.s.WebMvcTestContextBootstrapper : Using TestExecutionListeners: [org.springframework.test.context.web.ServletTestExecutionListener@684ec273, org.springframework.test.context.support.DirtiesContextBeforeModesTestExecutionListener@2f42d185, org.springframework.boot.test.mock.mockito.MockitoTestExecutionListener@3d011199, org.springframework.boot.test.autoconfigure.SpringBootDependencyInjectionTestExecutionListener@601b4600, org.springframework.test.context.support.DirtiesContextTestExecutionListener@7e584d2a, org.springframework.test.context.transaction.TransactionalTestExecutionListener@472f759d, org.springframework.test.context.jdbc.SqlScriptsTestExecutionListener@72973938, org.springframework.security.test.context.support.WithSecurityContextTestExecutionListener@48064a2c, org.springframework.security.test.context.support.ReactorContextTestExecutionListener@748b6f1b, org.springframework.boot.test.autoconfigure.restdocs.RestDocsTestExecutionListener@48b46f8a, org.springframework.boot.test.autoconfigure.web.client.MockRestServiceServerResetTestExecutionListener@3a1c15d, org.springframework.boot.test.autoconfigure.web.servlet.MockMvcPrintOnlyOnFailureTestExecutionListener@798cbc2f, org.springframework.boot.test.autoconfigure.web.servlet.WebDriverTestExecutionListener@56d0f7b2, org.springframework.boot.test.mock.mockito.ResetMocksTestExecutionListener@3df31add]

  .   ____          _            __ _ _
 /\\ / ___'_ __ _ _(_)_ __  __ _ \ \ \ \
( ( )\___ | '_ | '_| | '_ \/ _` | \ \ \ \
 \\/  ___)| |_)| | | | | || (_| |  ) ) ) )
  '  |____| .__|_| |_|_| |_\__, | / / / /
 =========|_|==============|___/=/_/_/_/
 :: Spring Boot ::        (v2.1.9.RELEASE)

2021-04-28 21:21:06.370  INFO 1992 --- [    Test worker] c.h.e.s.web.HelloControllerTest          : Starting HelloControllerTest on chahyeonhoui-MacBookPro.local with PID 1992 (started by chahyeonho in /Users/chahyeonho/IdeaProjects/springboot-hostar-aws2)
2021-04-28 21:21:06.374  INFO 1992 --- [    Test worker] c.h.e.s.web.HelloControllerTest          : No active profile set, falling back to default profiles: default
2021-04-28 21:21:07.317  INFO 1992 --- [    Test worker] o.s.s.concurrent.ThreadPoolTaskExecutor  : Initializing ExecutorService 'applicationTaskExecutor'
2021-04-28 21:21:07.360  INFO 1992 --- [    Test worker] o.s.b.a.w.s.WelcomePageHandlerMapping    : Adding welcome page template: index
2021-04-28 21:21:07.628  INFO 1992 --- [    Test worker] .s.s.UserDetailsServiceAutoConfiguration : 

Using generated security password: adfd68b9-05cb-4559-88a4-76af580f4313

2021-04-28 21:21:07.743  INFO 1992 --- [    Test worker] o.s.s.web.DefaultSecurityFilterChain     : Creating filter chain: any request, [org.springframework.security.web.context.request.async.WebAsyncManagerIntegrationFilter@1e6526ee, org.springframework.security.web.context.SecurityContextPersistenceFilter@15b19347, org.springframework.security.web.header.HeaderWriterFilter@705ad50, org.springframework.security.web.csrf.CsrfFilter@519920b5, org.springframework.security.web.authentication.logout.LogoutFilter@2c8ebf91, org.springframework.security.web.authentication.UsernamePasswordAuthenticationFilter@100559af, org.springframework.security.web.authentication.ui.DefaultLoginPageGeneratingFilter@35e7ad05, org.springframework.security.web.authentication.ui.DefaultLogoutPageGeneratingFilter@5d0511e6, org.springframework.security.web.authentication.www.BasicAuthenticationFilter@11afe336, org.springframework.security.web.savedrequest.RequestCacheAwareFilter@dfdf66c, org.springframework.security.web.servletapi.SecurityContextHolderAwareRequestFilter@27b8a5ae, org.springframework.security.web.authentication.AnonymousAuthenticationFilter@33ddef23, org.springframework.security.web.session.SessionManagementFilter@1f01b98d, org.springframework.security.web.access.ExceptionTranslationFilter@76cdc32e, org.springframework.security.web.access.intercept.FilterSecurityInterceptor@79e1fbb3]
2021-04-28 21:21:07.763  INFO 1992 --- [    Test worker] o.s.b.t.m.w.SpringBootMockServletContext : Initializing Spring TestDispatcherServlet ''
2021-04-28 21:21:07.766  INFO 1992 --- [    Test worker] o.s.t.web.servlet.TestDispatcherServlet  : Initializing Servlet ''
2021-04-28 21:21:07.785  INFO 1992 --- [    Test worker] o.s.t.web.servlet.TestDispatcherServlet  : Completed initialization in 18 ms
2021-04-28 21:21:07.845  INFO 1992 --- [    Test worker] c.h.e.s.web.HelloControllerTest          : Started HelloControllerTest in 1.553 seconds (JVM running for 12.491)
]]></system-out>
  <system-err><![CDATA[]]></system-err>
</testsuite>
