<?xml version="1.0" encoding="UTF-8"?>
<testsuite name="com.hostar.education.springboot.web.PostsApiControllerTest" tests="2" skipped="0" failures="0" errors="0" timestamp="2021-04-28T12:21:08" hostname="chahyeonhoui-MacBookPro.local" time="0.213">
  <properties/>
  <testcase name="Posts_등록된다" classname="com.hostar.education.springboot.web.PostsApiControllerTest" time="0.176"/>
  <testcase name="Posts_수정된다" classname="com.hostar.education.springboot.web.PostsApiControllerTest" time="0.036"/>
  <system-out><![CDATA[2021-04-28 21:21:08.238  INFO 1992 --- [    Test worker] .b.t.c.SpringBootTestContextBootstrapper : Neither @ContextConfiguration nor @ContextHierarchy found for test class [com.hostar.education.springboot.web.PostsApiControllerTest], using SpringBootContextLoader
2021-04-28 21:21:08.241  INFO 1992 --- [    Test worker] o.s.t.c.support.AbstractContextLoader    : Could not detect default resource locations for test class [com.hostar.education.springboot.web.PostsApiControllerTest]: no resource found for suffixes {-context.xml, Context.groovy}.
2021-04-28 21:21:08.241  INFO 1992 --- [    Test worker] t.c.s.AnnotationConfigContextLoaderUtils : Could not detect default configuration classes for test class [com.hostar.education.springboot.web.PostsApiControllerTest]: PostsApiControllerTest does not declare any static, non-private, non-final, nested classes annotated with @Configuration.
2021-04-28 21:21:08.246  INFO 1992 --- [    Test worker] .b.t.c.SpringBootTestContextBootstrapper : Found @SpringBootConfiguration com.hostar.education.springboot.Application for test class com.hostar.education.springboot.web.PostsApiControllerTest
2021-04-28 21:21:08.256  INFO 1992 --- [    Test worker] .b.t.c.SpringBootTestContextBootstrapper : Loaded default TestExecutionListener class names from location [META-INF/spring.factories]: [org.springframework.security.test.context.support.WithSecurityContextTestExecutionListener, org.springframework.security.test.context.support.ReactorContextTestExecutionListener, org.springframework.boot.test.autoconfigure.restdocs.RestDocsTestExecutionListener, org.springframework.boot.test.autoconfigure.web.client.MockRestServiceServerResetTestExecutionListener, org.springframework.boot.test.autoconfigure.web.servlet.MockMvcPrintOnlyOnFailureTestExecutionListener, org.springframework.boot.test.autoconfigure.web.servlet.WebDriverTestExecutionListener, org.springframework.boot.test.mock.mockito.MockitoTestExecutionListener, org.springframework.boot.test.mock.mockito.ResetMocksTestExecutionListener, org.springframework.test.context.web.ServletTestExecutionListener, org.springframework.test.context.support.DirtiesContextBeforeModesTestExecutionListener, org.springframework.test.context.support.DependencyInjectionTestExecutionListener, org.springframework.test.context.support.DirtiesContextTestExecutionListener, org.springframework.test.context.transaction.TransactionalTestExecutionListener, org.springframework.test.context.jdbc.SqlScriptsTestExecutionListener]
2021-04-28 21:21:08.256  INFO 1992 --- [    Test worker] .b.t.c.SpringBootTestContextBootstrapper : Using TestExecutionListeners: [org.springframework.test.context.web.ServletTestExecutionListener@5679ceb1, org.springframework.test.context.support.DirtiesContextBeforeModesTestExecutionListener@707b421c, org.springframework.boot.test.mock.mockito.MockitoTestExecutionListener@367bedae, org.springframework.boot.test.autoconfigure.SpringBootDependencyInjectionTestExecutionListener@2c00ec74, org.springframework.test.context.support.DirtiesContextTestExecutionListener@3414b303, org.springframework.test.context.transaction.TransactionalTestExecutionListener@1ed56c3f, org.springframework.test.context.jdbc.SqlScriptsTestExecutionListener@772ae4d6, org.springframework.security.test.context.support.WithSecurityContextTestExecutionListener@5ce2d50b, org.springframework.security.test.context.support.ReactorContextTestExecutionListener@4d7ff93f, org.springframework.boot.test.autoconfigure.restdocs.RestDocsTestExecutionListener@787ed03b, org.springframework.boot.test.autoconfigure.web.client.MockRestServiceServerResetTestExecutionListener@58d297b6, org.springframework.boot.test.autoconfigure.web.servlet.MockMvcPrintOnlyOnFailureTestExecutionListener@12d25b2a, org.springframework.boot.test.autoconfigure.web.servlet.WebDriverTestExecutionListener@20d6ee4e, org.springframework.boot.test.mock.mockito.ResetMocksTestExecutionListener@2e270d67]
2021-04-28 21:21:08.281  INFO 1992 --- [    Test worker] o.a.c.c.C.[Tomcat].[localhost].[/]       : Initializing Spring TestDispatcherServlet ''
2021-04-28 21:21:08.281  INFO 1992 --- [    Test worker] o.s.t.web.servlet.TestDispatcherServlet  : Initializing Servlet ''
2021-04-28 21:21:08.283  INFO 1992 --- [    Test worker] o.s.t.web.servlet.TestDispatcherServlet  : Completed initialization in 2 ms
Hibernate: insert into posts (created_date, modified_date, author, content, title) values (?, ?, ?, ?, ?)
Hibernate: select posts0_.id as id1_0_, posts0_.created_date as created_2_0_, posts0_.modified_date as modified3_0_, posts0_.author as author4_0_, posts0_.content as content5_0_, posts0_.title as title6_0_ from posts posts0_
Hibernate: select posts0_.id as id1_0_, posts0_.created_date as created_2_0_, posts0_.modified_date as modified3_0_, posts0_.author as author4_0_, posts0_.content as content5_0_, posts0_.title as title6_0_ from posts posts0_
Hibernate: delete from posts where id=?
2021-04-28 21:21:08.454  INFO 1992 --- [    Test worker] o.a.c.c.C.[Tomcat].[localhost].[/]       : Initializing Spring TestDispatcherServlet ''
2021-04-28 21:21:08.454  INFO 1992 --- [    Test worker] o.s.t.web.servlet.TestDispatcherServlet  : Initializing Servlet ''
2021-04-28 21:21:08.456  INFO 1992 --- [    Test worker] o.s.t.web.servlet.TestDispatcherServlet  : Completed initialization in 2 ms
Hibernate: insert into posts (created_date, modified_date, author, content, title) values (?, ?, ?, ?, ?)
Hibernate: select posts0_.id as id1_0_0_, posts0_.created_date as created_2_0_0_, posts0_.modified_date as modified3_0_0_, posts0_.author as author4_0_0_, posts0_.content as content5_0_0_, posts0_.title as title6_0_0_ from posts posts0_ where posts0_.id=?
Hibernate: update posts set created_date=?, modified_date=?, author=?, content=?, title=? where id=?
Hibernate: select posts0_.id as id1_0_, posts0_.created_date as created_2_0_, posts0_.modified_date as modified3_0_, posts0_.author as author4_0_, posts0_.content as content5_0_, posts0_.title as title6_0_ from posts posts0_
Hibernate: select posts0_.id as id1_0_, posts0_.created_date as created_2_0_, posts0_.modified_date as modified3_0_, posts0_.author as author4_0_, posts0_.content as content5_0_, posts0_.title as title6_0_ from posts posts0_
Hibernate: delete from posts where id=?
]]></system-out>
  <system-err><![CDATA[]]></system-err>
</testsuite>
