<?xml version="1.0" encoding="UTF-8"?>
<testsuite name="com.hostar.education.springboot.web.IndexControllerTest" tests="1" skipped="0" failures="0" errors="0" timestamp="2021-04-22T12:38:36" hostname="chahyeonhoui-MacBookPro.local" time="0.22">
  <properties/>
  <testcase name="메인페이지_로딩" classname="com.hostar.education.springboot.web.IndexControllerTest" time="0.22"/>
  <system-out><![CDATA[2021-04-22 21:38:36.959  INFO 4136 --- [    Test worker] .b.t.c.SpringBootTestContextBootstrapper : Neither @ContextConfiguration nor @ContextHierarchy found for test class [com.hostar.education.springboot.web.IndexControllerTest], using SpringBootContextLoader
2021-04-22 21:38:36.962  INFO 4136 --- [    Test worker] o.s.t.c.support.AbstractContextLoader    : Could not detect default resource locations for test class [com.hostar.education.springboot.web.IndexControllerTest]: no resource found for suffixes {-context.xml, Context.groovy}.
2021-04-22 21:38:36.963  INFO 4136 --- [    Test worker] t.c.s.AnnotationConfigContextLoaderUtils : Could not detect default configuration classes for test class [com.hostar.education.springboot.web.IndexControllerTest]: IndexControllerTest does not declare any static, non-private, non-final, nested classes annotated with @Configuration.
2021-04-22 21:38:36.967  INFO 4136 --- [    Test worker] .b.t.c.SpringBootTestContextBootstrapper : Found @SpringBootConfiguration com.hostar.education.springboot.Application for test class com.hostar.education.springboot.web.IndexControllerTest
2021-04-22 21:38:36.972  INFO 4136 --- [    Test worker] .b.t.c.SpringBootTestContextBootstrapper : Loaded default TestExecutionListener class names from location [META-INF/spring.factories]: [org.springframework.security.test.context.support.WithSecurityContextTestExecutionListener, org.springframework.security.test.context.support.ReactorContextTestExecutionListener, org.springframework.boot.test.autoconfigure.restdocs.RestDocsTestExecutionListener, org.springframework.boot.test.autoconfigure.web.client.MockRestServiceServerResetTestExecutionListener, org.springframework.boot.test.autoconfigure.web.servlet.MockMvcPrintOnlyOnFailureTestExecutionListener, org.springframework.boot.test.autoconfigure.web.servlet.WebDriverTestExecutionListener, org.springframework.boot.test.mock.mockito.MockitoTestExecutionListener, org.springframework.boot.test.mock.mockito.ResetMocksTestExecutionListener, org.springframework.test.context.web.ServletTestExecutionListener, org.springframework.test.context.support.DirtiesContextBeforeModesTestExecutionListener, org.springframework.test.context.support.DependencyInjectionTestExecutionListener, org.springframework.test.context.support.DirtiesContextTestExecutionListener, org.springframework.test.context.transaction.TransactionalTestExecutionListener, org.springframework.test.context.jdbc.SqlScriptsTestExecutionListener]
2021-04-22 21:38:36.972  INFO 4136 --- [    Test worker] .b.t.c.SpringBootTestContextBootstrapper : Using TestExecutionListeners: [org.springframework.test.context.web.ServletTestExecutionListener@58624c74, org.springframework.test.context.support.DirtiesContextBeforeModesTestExecutionListener@4410d96b, org.springframework.boot.test.mock.mockito.MockitoTestExecutionListener@5bfe1839, org.springframework.boot.test.autoconfigure.SpringBootDependencyInjectionTestExecutionListener@44234742, org.springframework.test.context.support.DirtiesContextTestExecutionListener@e68b25e, org.springframework.test.context.transaction.TransactionalTestExecutionListener@4cf1f979, org.springframework.test.context.jdbc.SqlScriptsTestExecutionListener@67e50f0e, org.springframework.security.test.context.support.WithSecurityContextTestExecutionListener@39225de7, org.springframework.security.test.context.support.ReactorContextTestExecutionListener@7213e2df, org.springframework.boot.test.autoconfigure.restdocs.RestDocsTestExecutionListener@316af7d5, org.springframework.boot.test.autoconfigure.web.client.MockRestServiceServerResetTestExecutionListener@7e380389, org.springframework.boot.test.autoconfigure.web.servlet.MockMvcPrintOnlyOnFailureTestExecutionListener@55dea4cc, org.springframework.boot.test.autoconfigure.web.servlet.WebDriverTestExecutionListener@38b6b1b2, org.springframework.boot.test.mock.mockito.ResetMocksTestExecutionListener@5e843d2e]
Hibernate: select posts0_.id as id1_0_, posts0_.created_date as created_2_0_, posts0_.modified_date as modified3_0_, posts0_.author as author4_0_, posts0_.content as content5_0_, posts0_.title as title6_0_ from posts posts0_ order by posts0_.id DESC
]]></system-out>
  <system-err><![CDATA[]]></system-err>
</testsuite>
