<?xml version="1.0" encoding="UTF-8"?>
<testsuite name="com.hostar.education.springboot.domain.posts.PostsRepositoryTest" tests="2" skipped="0" failures="0" errors="0" timestamp="2021-04-28T12:21:10" hostname="chahyeonhoui-MacBookPro.local" time="0.061">
  <properties/>
  <testcase name="게시글저장_불러오기" classname="com.hostar.education.springboot.domain.posts.PostsRepositoryTest" time="0.05"/>
  <testcase name="BaseTimeEntity_등록" classname="com.hostar.education.springboot.domain.posts.PostsRepositoryTest" time="0.01"/>
  <system-out><![CDATA[2021-04-28 21:21:08.490  INFO 1992 --- [    Test worker] .b.t.c.SpringBootTestContextBootstrapper : Neither @ContextConfiguration nor @ContextHierarchy found for test class [com.hostar.education.springboot.domain.posts.PostsRepositoryTest], using SpringBootContextLoader
2021-04-28 21:21:08.491  INFO 1992 --- [    Test worker] o.s.t.c.support.AbstractContextLoader    : Could not detect default resource locations for test class [com.hostar.education.springboot.domain.posts.PostsRepositoryTest]: no resource found for suffixes {-context.xml, Context.groovy}.
2021-04-28 21:21:08.492  INFO 1992 --- [    Test worker] t.c.s.AnnotationConfigContextLoaderUtils : Could not detect default configuration classes for test class [com.hostar.education.springboot.domain.posts.PostsRepositoryTest]: PostsRepositoryTest does not declare any static, non-private, non-final, nested classes annotated with @Configuration.
2021-04-28 21:21:08.506  INFO 1992 --- [    Test worker] .b.t.c.SpringBootTestContextBootstrapper : Found @SpringBootConfiguration com.hostar.education.springboot.Application for test class com.hostar.education.springboot.domain.posts.PostsRepositoryTest
2021-04-28 21:21:08.507  INFO 1992 --- [    Test worker] .b.t.c.SpringBootTestContextBootstrapper : Loaded default TestExecutionListener class names from location [META-INF/spring.factories]: [org.springframework.security.test.context.support.WithSecurityContextTestExecutionListener, org.springframework.security.test.context.support.ReactorContextTestExecutionListener, org.springframework.boot.test.autoconfigure.restdocs.RestDocsTestExecutionListener, org.springframework.boot.test.autoconfigure.web.client.MockRestServiceServerResetTestExecutionListener, org.springframework.boot.test.autoconfigure.web.servlet.MockMvcPrintOnlyOnFailureTestExecutionListener, org.springframework.boot.test.autoconfigure.web.servlet.WebDriverTestExecutionListener, org.springframework.boot.test.mock.mockito.MockitoTestExecutionListener, org.springframework.boot.test.mock.mockito.ResetMocksTestExecutionListener, org.springframework.test.context.web.ServletTestExecutionListener, org.springframework.test.context.support.DirtiesContextBeforeModesTestExecutionListener, org.springframework.test.context.support.DependencyInjectionTestExecutionListener, org.springframework.test.context.support.DirtiesContextTestExecutionListener, org.springframework.test.context.transaction.TransactionalTestExecutionListener, org.springframework.test.context.jdbc.SqlScriptsTestExecutionListener]
2021-04-28 21:21:08.507  INFO 1992 --- [    Test worker] .b.t.c.SpringBootTestContextBootstrapper : Using TestExecutionListeners: [org.springframework.test.context.web.ServletTestExecutionListener@232f0747, org.springframework.test.context.support.DirtiesContextBeforeModesTestExecutionListener@11112d6c, org.springframework.boot.test.mock.mockito.MockitoTestExecutionListener@3fc5b135, org.springframework.boot.test.autoconfigure.SpringBootDependencyInjectionTestExecutionListener@b008cb, org.springframework.test.context.support.DirtiesContextTestExecutionListener@5b7e22a5, org.springframework.test.context.transaction.TransactionalTestExecutionListener@439c0eeb, org.springframework.test.context.jdbc.SqlScriptsTestExecutionListener@51c253b4, org.springframework.security.test.context.support.WithSecurityContextTestExecutionListener@51b4ff17, org.springframework.security.test.context.support.ReactorContextTestExecutionListener@7bf5848e, org.springframework.boot.test.autoconfigure.restdocs.RestDocsTestExecutionListener@58bd264d, org.springframework.boot.test.autoconfigure.web.client.MockRestServiceServerResetTestExecutionListener@1ba1811d, org.springframework.boot.test.autoconfigure.web.servlet.MockMvcPrintOnlyOnFailureTestExecutionListener@6d9b8939, org.springframework.boot.test.autoconfigure.web.servlet.WebDriverTestExecutionListener@3a1da1f0, org.springframework.boot.test.mock.mockito.ResetMocksTestExecutionListener@b2367b0]

  .   ____          _            __ _ _
 /\\ / ___'_ __ _ _(_)_ __  __ _ \ \ \ \
( ( )\___ | '_ | '_| | '_ \/ _` | \ \ \ \
 \\/  ___)| |_)| | | | | || (_| |  ) ) ) )
  '  |____| .__|_| |_|_| |_\__, | / / / /
 =========|_|==============|___/=/_/_/_/
 :: Spring Boot ::        (v2.1.9.RELEASE)

2021-04-28 21:21:08.535  INFO 1992 --- [    Test worker] c.h.e.s.d.posts.PostsRepositoryTest      : Starting PostsRepositoryTest on chahyeonhoui-MacBookPro.local with PID 1992 (started by chahyeonho in /Users/chahyeonho/IdeaProjects/springboot-hostar-aws2)
2021-04-28 21:21:08.536  INFO 1992 --- [    Test worker] c.h.e.s.d.posts.PostsRepositoryTest      : No active profile set, falling back to default profiles: default
2021-04-28 21:21:08.828  INFO 1992 --- [    Test worker] .s.d.r.c.RepositoryConfigurationDelegate : Bootstrapping Spring Data repositories in DEFAULT mode.
2021-04-28 21:21:08.862  INFO 1992 --- [    Test worker] .s.d.r.c.RepositoryConfigurationDelegate : Finished Spring Data repository scanning in 33ms. Found 2 repository interfaces.
2021-04-28 21:21:08.979  INFO 1992 --- [    Test worker] trationDelegate$BeanPostProcessorChecker : Bean 'org.springframework.transaction.annotation.ProxyTransactionManagementConfiguration' of type [org.springframework.transaction.annotation.ProxyTransactionManagementConfiguration$$EnhancerBySpringCGLIB$$5c323f73] is not eligible for getting processed by all BeanPostProcessors (for example: not eligible for auto-proxying)
2021-04-28 21:21:09.052  INFO 1992 --- [    Test worker] com.zaxxer.hikari.HikariDataSource       : HikariPool-2 - Starting...
2021-04-28 21:21:09.055  INFO 1992 --- [    Test worker] com.zaxxer.hikari.HikariDataSource       : HikariPool-2 - Start completed.
2021-04-28 21:21:09.078  INFO 1992 --- [    Test worker] o.hibernate.jpa.internal.util.LogHelper  : HHH000204: Processing PersistenceUnitInfo [
	name: default
	...]
2021-04-28 21:21:09.087  INFO 1992 --- [    Test worker] org.hibernate.dialect.Dialect            : HHH000400: Using dialect: org.hibernate.dialect.MySQL5InnoDBDialect
Hibernate: drop table if exists posts
Hibernate: drop table if exists user
Hibernate: create table posts (id bigint not null auto_increment, created_date datetime, modified_date datetime, author varchar(255), content TEXT not null, title varchar(500) not null, primary key (id)) engine=InnoDB
Hibernate: create table user (id bigint not null auto_increment, created_date datetime, modified_date datetime, email varchar(255) not null, name varchar(255) not null, picture varchar(255), role varchar(255) not null, primary key (id)) engine=InnoDB
2021-04-28 21:21:09.168  INFO 1992 --- [    Test worker] o.h.t.schema.internal.SchemaCreatorImpl  : HHH000476: Executing import script 'org.hibernate.tool.schema.internal.exec.ScriptSourceInputNonExistentImpl@14cf40f4'
2021-04-28 21:21:09.168  INFO 1992 --- [    Test worker] j.LocalContainerEntityManagerFactoryBean : Initialized JPA EntityManagerFactory for persistence unit 'default'
2021-04-28 21:21:09.373  INFO 1992 --- [    Test worker] o.h.h.i.QueryTranslatorFactoryInitiator  : HHH000397: Using ASTQueryTranslatorFactory
2021-04-28 21:21:09.494  INFO 1992 --- [    Test worker] o.s.s.web.DefaultSecurityFilterChain     : Creating filter chain: any request, [org.springframework.security.web.context.request.async.WebAsyncManagerIntegrationFilter@7586da4f, org.springframework.security.web.context.SecurityContextPersistenceFilter@218d2c8f, org.springframework.security.web.header.HeaderWriterFilter@536949c2, org.springframework.security.web.authentication.logout.LogoutFilter@6cf7fc68, org.springframework.security.oauth2.client.web.OAuth2AuthorizationRequestRedirectFilter@3f1c8aff, org.springframework.security.oauth2.client.web.OAuth2LoginAuthenticationFilter@8acbb84, org.springframework.security.web.authentication.ui.DefaultLoginPageGeneratingFilter@24565539, org.springframework.security.web.authentication.ui.DefaultLogoutPageGeneratingFilter@6ff00afd, org.springframework.security.web.savedrequest.RequestCacheAwareFilter@2adc6aef, org.springframework.security.web.servletapi.SecurityContextHolderAwareRequestFilter@3362012f, org.springframework.security.web.authentication.AnonymousAuthenticationFilter@34603e8e, org.springframework.security.web.session.SessionManagementFilter@6aefa98b, org.springframework.security.web.access.ExceptionTranslationFilter@6d5cd0c9, org.springframework.security.web.access.intercept.FilterSecurityInterceptor@73fd2220]
2021-04-28 21:21:09.776  INFO 1992 --- [    Test worker] o.s.s.concurrent.ThreadPoolTaskExecutor  : Initializing ExecutorService 'applicationTaskExecutor'
2021-04-28 21:21:09.793  WARN 1992 --- [    Test worker] aWebConfiguration$JpaWebMvcConfiguration : spring.jpa.open-in-view is enabled by default. Therefore, database queries may be performed during view rendering. Explicitly configure spring.jpa.open-in-view to disable this warning
2021-04-28 21:21:09.835  INFO 1992 --- [    Test worker] o.s.b.a.w.s.WelcomePageHandlerMapping    : Adding welcome page template: index
2021-04-28 21:21:10.119  INFO 1992 --- [    Test worker] s.a.ScheduledAnnotationBeanPostProcessor : No TaskScheduler/ScheduledExecutorService bean found for scheduled processing
2021-04-28 21:21:10.120  INFO 1992 --- [    Test worker] c.h.e.s.d.posts.PostsRepositoryTest      : Started PostsRepositoryTest in 1.611 seconds (JVM running for 14.766)
Hibernate: insert into posts (created_date, modified_date, author, content, title) values (?, ?, ?, ?, ?)
Hibernate: select posts0_.id as id1_0_, posts0_.created_date as created_2_0_, posts0_.modified_date as modified3_0_, posts0_.author as author4_0_, posts0_.content as content5_0_, posts0_.title as title6_0_ from posts posts0_
Hibernate: select posts0_.id as id1_0_, posts0_.created_date as created_2_0_, posts0_.modified_date as modified3_0_, posts0_.author as author4_0_, posts0_.content as content5_0_, posts0_.title as title6_0_ from posts posts0_
Hibernate: delete from posts where id=?
Hibernate: insert into posts (created_date, modified_date, author, content, title) values (?, ?, ?, ?, ?)
Hibernate: select posts0_.id as id1_0_, posts0_.created_date as created_2_0_, posts0_.modified_date as modified3_0_, posts0_.author as author4_0_, posts0_.content as content5_0_, posts0_.title as title6_0_ from posts posts0_
>>>>>>>>> createDate=2021-04-28T21:21:10.187, modifiedDate=2021-04-28T21:21:10.187
Hibernate: select posts0_.id as id1_0_, posts0_.created_date as created_2_0_, posts0_.modified_date as modified3_0_, posts0_.author as author4_0_, posts0_.content as content5_0_, posts0_.title as title6_0_ from posts posts0_
Hibernate: delete from posts where id=?
]]></system-out>
  <system-err><![CDATA[]]></system-err>
</testsuite>
