<?xml version="1.0" encoding="UTF-8"?>
<testsuite name="com.hostar.education.springboot.web.HelloControllerTest" tests="2" skipped="0" failures="0" errors="0" timestamp="2021-04-20T14:13:55" hostname="chahyeonhoui-MacBookPro.local" time="0.177">
  <properties/>
  <testcase name="hello가_리턴된다" classname="com.hostar.education.springboot.web.HelloControllerTest" time="0.065"/>
  <testcase name="helloDto가_리턴된다" classname="com.hostar.education.springboot.web.HelloControllerTest" time="0.104"/>
  <system-out><![CDATA[2021-04-20 23:13:53.655  INFO 3769 --- [    Test worker] .b.t.a.w.s.WebMvcTestContextBootstrapper : Neither @ContextConfiguration nor @ContextHierarchy found for test class [com.hostar.education.springboot.web.HelloControllerTest], using SpringBootContextLoader
2021-04-20 23:13:53.659  INFO 3769 --- [    Test worker] o.s.t.c.support.AbstractContextLoader    : Could not detect default resource locations for test class [com.hostar.education.springboot.web.HelloControllerTest]: no resource found for suffixes {-context.xml, Context.groovy}.
2021-04-20 23:13:53.659  INFO 3769 --- [    Test worker] t.c.s.AnnotationConfigContextLoaderUtils : Could not detect default configuration classes for test class [com.hostar.education.springboot.web.HelloControllerTest]: HelloControllerTest does not declare any static, non-private, non-final, nested classes annotated with @Configuration.
2021-04-20 23:13:53.734  INFO 3769 --- [    Test worker] .b.t.c.SpringBootTestContextBootstrapper : Found @SpringBootConfiguration com.hostar.education.springboot.Application for test class com.hostar.education.springboot.web.HelloControllerTest
2021-04-20 23:13:53.737  INFO 3769 --- [    Test worker] .b.t.a.w.s.WebMvcTestContextBootstrapper : Loaded default TestExecutionListener class names from location [META-INF/spring.factories]: [org.springframework.security.test.context.support.WithSecurityContextTestExecutionListener, org.springframework.security.test.context.support.ReactorContextTestExecutionListener, org.springframework.boot.test.autoconfigure.restdocs.RestDocsTestExecutionListener, org.springframework.boot.test.autoconfigure.web.client.MockRestServiceServerResetTestExecutionListener, org.springframework.boot.test.autoconfigure.web.servlet.MockMvcPrintOnlyOnFailureTestExecutionListener, org.springframework.boot.test.autoconfigure.web.servlet.WebDriverTestExecutionListener, org.springframework.boot.test.mock.mockito.MockitoTestExecutionListener, org.springframework.boot.test.mock.mockito.ResetMocksTestExecutionListener, org.springframework.test.context.web.ServletTestExecutionListener, org.springframework.test.context.support.DirtiesContextBeforeModesTestExecutionListener, org.springframework.test.context.support.DependencyInjectionTestExecutionListener, org.springframework.test.context.support.DirtiesContextTestExecutionListener, org.springframework.test.context.transaction.TransactionalTestExecutionListener, org.springframework.test.context.jdbc.SqlScriptsTestExecutionListener]
2021-04-20 23:13:53.739  INFO 3769 --- [    Test worker] .b.t.a.w.s.WebMvcTestContextBootstrapper : Using TestExecutionListeners: [org.springframework.test.context.web.ServletTestExecutionListener@2f42d185, org.springframework.test.context.support.DirtiesContextBeforeModesTestExecutionListener@3d011199, org.springframework.boot.test.mock.mockito.MockitoTestExecutionListener@601b4600, org.springframework.boot.test.autoconfigure.SpringBootDependencyInjectionTestExecutionListener@7e584d2a, org.springframework.test.context.support.DirtiesContextTestExecutionListener@472f759d, org.springframework.test.context.transaction.TransactionalTestExecutionListener@72973938, org.springframework.test.context.jdbc.SqlScriptsTestExecutionListener@48064a2c, org.springframework.security.test.context.support.WithSecurityContextTestExecutionListener@748b6f1b, org.springframework.security.test.context.support.ReactorContextTestExecutionListener@48b46f8a, org.springframework.boot.test.autoconfigure.restdocs.RestDocsTestExecutionListener@3a1c15d, org.springframework.boot.test.autoconfigure.web.client.MockRestServiceServerResetTestExecutionListener@798cbc2f, org.springframework.boot.test.autoconfigure.web.servlet.MockMvcPrintOnlyOnFailureTestExecutionListener@56d0f7b2, org.springframework.boot.test.autoconfigure.web.servlet.WebDriverTestExecutionListener@3df31add, org.springframework.boot.test.mock.mockito.ResetMocksTestExecutionListener@30559f17]

  .   ____          _            __ _ _
 /\\ / ___'_ __ _ _(_)_ __  __ _ \ \ \ \
( ( )\___ | '_ | '_| | '_ \/ _` | \ \ \ \
 \\/  ___)| |_)| | | | | || (_| |  ) ) ) )
  '  |____| .__|_| |_|_| |_\__, | / / / /
 =========|_|==============|___/=/_/_/_/
 :: Spring Boot ::        (v2.1.9.RELEASE)

2021-04-20 23:13:53.819  INFO 3769 --- [    Test worker] c.h.e.s.web.HelloControllerTest          : Starting HelloControllerTest on chahyeonhoui-MacBookPro.local with PID 3769 (started by chahyeonho in /Users/chahyeonho/IdeaProjects/springboot-hostar-aws2)
2021-04-20 23:13:53.823  INFO 3769 --- [    Test worker] c.h.e.s.web.HelloControllerTest          : No active profile set, falling back to default profiles: default
2021-04-20 23:13:54.666  INFO 3769 --- [    Test worker] o.s.s.concurrent.ThreadPoolTaskExecutor  : Initializing ExecutorService 'applicationTaskExecutor'
2021-04-20 23:13:54.715  INFO 3769 --- [    Test worker] o.s.b.a.w.s.WelcomePageHandlerMapping    : Adding welcome page template: index
2021-04-20 23:13:54.996  INFO 3769 --- [    Test worker] .s.s.UserDetailsServiceAutoConfiguration : 

Using generated security password: 3e8e34e7-849b-40b4-98b1-75c5e74d14c7

2021-04-20 23:13:55.125  INFO 3769 --- [    Test worker] o.s.s.web.DefaultSecurityFilterChain     : Creating filter chain: any request, [org.springframework.security.web.context.request.async.WebAsyncManagerIntegrationFilter@5d0511e6, org.springframework.security.web.context.SecurityContextPersistenceFilter@dfdf66c, org.springframework.security.web.header.HeaderWriterFilter@1f01b98d, org.springframework.security.web.csrf.CsrfFilter@10634b29, org.springframework.security.web.authentication.logout.LogoutFilter@2409a080, org.springframework.security.web.authentication.UsernamePasswordAuthenticationFilter@28780ef8, org.springframework.security.web.authentication.ui.DefaultLoginPageGeneratingFilter@2c552b55, org.springframework.security.web.authentication.ui.DefaultLogoutPageGeneratingFilter@33ddef23, org.springframework.security.web.authentication.www.BasicAuthenticationFilter@79482035, org.springframework.security.web.savedrequest.RequestCacheAwareFilter@27b8a5ae, org.springframework.security.web.servletapi.SecurityContextHolderAwareRequestFilter@35e7ad05, org.springframework.security.web.authentication.AnonymousAuthenticationFilter@b2c38e5, org.springframework.security.web.session.SessionManagementFilter@15b19347, org.springframework.security.web.access.ExceptionTranslationFilter@705ad50, org.springframework.security.web.access.intercept.FilterSecurityInterceptor@100559af]
2021-04-20 23:13:55.160  INFO 3769 --- [    Test worker] o.s.b.t.m.w.SpringBootMockServletContext : Initializing Spring TestDispatcherServlet ''
2021-04-20 23:13:55.161  INFO 3769 --- [    Test worker] o.s.t.web.servlet.TestDispatcherServlet  : Initializing Servlet ''
2021-04-20 23:13:55.184  INFO 3769 --- [    Test worker] o.s.t.web.servlet.TestDispatcherServlet  : Completed initialization in 23 ms
2021-04-20 23:13:55.248  INFO 3769 --- [    Test worker] c.h.e.s.web.HelloControllerTest          : Started HelloControllerTest in 1.494 seconds (JVM running for 12.509)
]]></system-out>
  <system-err><![CDATA[]]></system-err>
</testsuite>
