<?xml version="1.0" encoding="UTF-8"?>
<testsuite name="com.hostar.education.springboot.web.IndexControllerTest" tests="1" skipped="0" failures="0" errors="0" timestamp="2021-04-22T12:05:00" hostname="chahyeonhoui-MacBookPro.local" time="0.166">
  <properties/>
  <testcase name="메인페이지_로딩" classname="com.hostar.education.springboot.web.IndexControllerTest" time="0.166"/>
  <system-out><![CDATA[2021-04-22 21:05:00.232  INFO 3280 --- [    Test worker] .b.t.c.SpringBootTestContextBootstrapper : Neither @ContextConfiguration nor @ContextHierarchy found for test class [com.hostar.education.springboot.web.IndexControllerTest], using SpringBootContextLoader
2021-04-22 21:05:00.234  INFO 3280 --- [    Test worker] o.s.t.c.support.AbstractContextLoader    : Could not detect default resource locations for test class [com.hostar.education.springboot.web.IndexControllerTest]: no resource found for suffixes {-context.xml, Context.groovy}.
2021-04-22 21:05:00.234  INFO 3280 --- [    Test worker] t.c.s.AnnotationConfigContextLoaderUtils : Could not detect default configuration classes for test class [com.hostar.education.springboot.web.IndexControllerTest]: IndexControllerTest does not declare any static, non-private, non-final, nested classes annotated with @Configuration.
2021-04-22 21:05:00.238  INFO 3280 --- [    Test worker] .b.t.c.SpringBootTestContextBootstrapper : Found @SpringBootConfiguration com.hostar.education.springboot.Application for test class com.hostar.education.springboot.web.IndexControllerTest
2021-04-22 21:05:00.243  INFO 3280 --- [    Test worker] .b.t.c.SpringBootTestContextBootstrapper : Loaded default TestExecutionListener class names from location [META-INF/spring.factories]: [org.springframework.security.test.context.support.WithSecurityContextTestExecutionListener, org.springframework.security.test.context.support.ReactorContextTestExecutionListener, org.springframework.boot.test.autoconfigure.restdocs.RestDocsTestExecutionListener, org.springframework.boot.test.autoconfigure.web.client.MockRestServiceServerResetTestExecutionListener, org.springframework.boot.test.autoconfigure.web.servlet.MockMvcPrintOnlyOnFailureTestExecutionListener, org.springframework.boot.test.autoconfigure.web.servlet.WebDriverTestExecutionListener, org.springframework.boot.test.mock.mockito.MockitoTestExecutionListener, org.springframework.boot.test.mock.mockito.ResetMocksTestExecutionListener, org.springframework.test.context.web.ServletTestExecutionListener, org.springframework.test.context.support.DirtiesContextBeforeModesTestExecutionListener, org.springframework.test.context.support.DependencyInjectionTestExecutionListener, org.springframework.test.context.support.DirtiesContextTestExecutionListener, org.springframework.test.context.transaction.TransactionalTestExecutionListener, org.springframework.test.context.jdbc.SqlScriptsTestExecutionListener]
2021-04-22 21:05:00.244  INFO 3280 --- [    Test worker] .b.t.c.SpringBootTestContextBootstrapper : Using TestExecutionListeners: [org.springframework.test.context.web.ServletTestExecutionListener@4cf1f979, org.springframework.test.context.support.DirtiesContextBeforeModesTestExecutionListener@67e50f0e, org.springframework.boot.test.mock.mockito.MockitoTestExecutionListener@39225de7, org.springframework.boot.test.autoconfigure.SpringBootDependencyInjectionTestExecutionListener@7213e2df, org.springframework.test.context.support.DirtiesContextTestExecutionListener@316af7d5, org.springframework.test.context.transaction.TransactionalTestExecutionListener@7e380389, org.springframework.test.context.jdbc.SqlScriptsTestExecutionListener@55dea4cc, org.springframework.security.test.context.support.WithSecurityContextTestExecutionListener@38b6b1b2, org.springframework.security.test.context.support.ReactorContextTestExecutionListener@5e843d2e, org.springframework.boot.test.autoconfigure.restdocs.RestDocsTestExecutionListener@601e493c, org.springframework.boot.test.autoconfigure.web.client.MockRestServiceServerResetTestExecutionListener@40467937, org.springframework.boot.test.autoconfigure.web.servlet.MockMvcPrintOnlyOnFailureTestExecutionListener@4df07bac, org.springframework.boot.test.autoconfigure.web.servlet.WebDriverTestExecutionListener@32625271, org.springframework.boot.test.mock.mockito.ResetMocksTestExecutionListener@20a7baa8]
Hibernate: select posts0_.id as id1_0_, posts0_.created_date as created_2_0_, posts0_.modified_date as modified3_0_, posts0_.author as author4_0_, posts0_.content as content5_0_, posts0_.title as title6_0_ from posts posts0_ order by posts0_.id DESC
]]></system-out>
  <system-err><![CDATA[]]></system-err>
</testsuite>
